{"meta": {"format": 3, "version": "7.15.2", "timestamp": "2026-08-03T01:49:05.294356", "branch_coverage": true, "show_contexts": false}, "files": {"src/rareburden/__init__.py": {"executed_lines": [3], "summary": {"covered_lines": 1, "num_statements": 1, "percent_covered": 100.0, "percent_covered_display": "100", "missing_lines": 0, "excluded_lines": 0, "percent_statements_covered": 100.0, "percent_statements_covered_display": "100", "num_branches": 0, "num_partial_branches": 0, "covered_branches": 0, "missing_branches": 0, "percent_branches_covered": 100.0, "percent_branches_covered_display": "100"}, "missing_lines": [], "excluded_lines": [], "executed_branches": [], "missing_branches": [], "functions": {"": {"executed_lines": [3], "summary": {"covered_lines": 1, "num_statements": 1, "percent_covered": 100.0, "percent_covered_display": "100", "missing_lines": 0, "excluded_lines": 0, "percent_statements_covered": 100.0, "percent_statements_covered_display": "100", "num_branches": 0, "num_partial_branches": 0, "covered_branches": 0, "missing_branches": 0, "percent_branches_covered": 100.0, "percent_branches_covered_display": "100"}, "missing_lines": [], "excluded_lines": [], "start_line": 1, "executed_branches": [], "missing_branches": []}}, "classes": {"": {"executed_lines": [3], "summary": {"covered_lines": 1, "num_statements": 1, "percent_covered": 100.0, "percent_covered_display": "100", "missing_lines": 0, "excluded_lines": 0, "percent_statements_covered": 100.0, "percent_statements_covered_display": "100", "num_branches": 0, "num_partial_branches": 0, "covered_branches": 0, "missing_branches": 0, "percent_branches_covered": 100.0, "percent_branches_covered_display": "100"}, "missing_lines": [], "excluded_lines": [], "start_line": 1, "executed_branches": [], "missing_branches": []}}}, "src/rareburden/__main__.py": {"executed_lines": [3, 5], "summary": {"covered_lines": 2, "num_statements": 2, "percent_covered": 100.0, "percent_covered_display": "100", "missing_lines": 0, "excluded_lines": 2, "percent_statements_covered": 100.0, "percent_statements_covered_display": "100", "num_branches": 0, "num_partial_branches": 0, "covered_branches": 0, "missing_branches": 0, "percent_branches_covered": 100.0, "percent_branches_covered_display": "100"}, "missing_lines": [], "excluded_lines": [7, 8], "executed_branches": [], "missing_branches": [], "functions": {"": {"executed_lines": [3, 5], "summary": {"covered_lines": 2, "num_statements": 2, "percent_covered": 100.0, "percent_covered_display": "100", "missing_lines": 0, "excluded_lines": 2, "percent_statements_covered": 100.0, "percent_statements_covered_display": "100", "num_branches": 0, "num_partial_branches": 0, "covered_branches": 0, "missing_branches": 0, "percent_branches_covered": 100.0, "percent_branches_covered_display": "100"}, "missing_lines": [], "excluded_lines": [7, 8], "start_line": 1, "executed_branches": [], "missing_branches": []}}, "classes": {"": {"executed_lines": [3, 5], "summary": {"covered_lines": 2, "num_statements": 2, "percent_covered": 100.0, "percent_covered_display": "100", "missing_lines": 0, "excluded_lines": 2, "percent_statements_covered": 100.0, "percent_statements_covered_display": "100", "num_branches": 0, "num_partial_branches": 0, "covered_branches": 0, "missing_branches": 0, "percent_branches_covered": 100.0, "percent_branches_covered_display": "100"}, "missing_lines": [], "excluded_lines": [7, 8], "start_line": 1, "executed_branches": [], "missing_branches": []}}}, "src/rareburden/acquisition/__init__.py": {"executed_lines": [3, 16], "summary": {"covered_lines": 2, "num_statements": 2, "percent_covered": 100.0, "percent_covered_display": "100", "missing_lines": 0, "excluded_lines": 0, "percent_statements_covered": 100.0, "percent_statements_covered_display": "100", "num_branches": 0, "num_partial_branches": 0, "covered_branches": 0, "missing_branches": 0, "percent_branches_covered": 100.0, "percent_branches_covered_display": "100"}, "missing_lines": [], "excluded_lines": [], "executed_branches": [], "missing_branches": [], "functions": {"": {"executed_lines": [3, 16], "summary": {"covered_lines": 2, "num_statements": 2, "percent_covered": 100.0, "percent_covered_display": "100", "missing_lines": 0, "excluded_lines": 0, "percent_statements_covered": 100.0, "percent_statements_covered_display": "100", "num_branches": 0, "num_partial_branches": 0, "covered_branches": 0, "missing_branches": 0, "percent_branches_covered": 100.0, "percent_branches_covered_display": "100"}, "missing_lines": [], "excluded_lines": [], "start_line": 1, "executed_branches": [], "missing_branches": []}}, "classes": {"": {"executed_lines": [3, 16], "summary": {"covered_lines": 2, "num_statements": 2, "percent_covered": 100.0, "percent_covered_display": "100", "missing_lines": 0, "excluded_lines": 0, "percent_statements_covered": 100.0, "percent_statements_covered_display": "100", "num_branches": 0, "num_partial_branches": 0, "covered_branches": 0, "missing_branches": 0, "percent_branches_covered": 100.0, "percent_branches_covered_display": "100"}, "missing_lines": [], "excluded_lines": [], "start_line": 1, "executed_branches": [], "missing_branches": []}}}, "src/rareburden/acquisition/adapters/__init__.py": {"executed_lines": [3, 4, 5, 6, 13], "summary": {"covered_lines": 5, "num_statements": 5, "percent_covered": 100.0, "percent_covered_display": "100", "missing_lines": 0, "excluded_lines": 0, "percent_statements_covered": 100.0, "percent_statements_covered_display": "100", "num_branches": 0, "num_partial_branches": 0, "covered_branches": 0, "missing_branches": 0, "percent_branches_covered": 100.0, "percent_branches_covered_display": "100"}, "missing_lines": [], "excluded_lines": [], "executed_branches": [], "missing_branches": [], "functions": {"": {"executed_lines": [3, 4, 5, 6, 13], "summary": {"covered_lines": 5, "num_statements": 5, "percent_covered": 100.0, "percent_covered_display": "100", "missing_lines": 0, "excluded_lines": 0, "percent_statements_covered": 100.0, "percent_statements_covered_display": "100", "num_branches": 0, "num_partial_branches": 0, "covered_branches": 0, "missing_branches": 0, "percent_branches_covered": 100.0, "percent_branches_covered_display": "100"}, "missing_lines": [], "excluded_lines": [], "start_line": 1, "executed_branches": [], "missing_branches": []}}, "classes": {"": {"executed_lines": [3, 4, 5, 6, 13], "summary": {"covered_lines": 5, "num_statements": 5, "percent_covered": 100.0, "percent_covered_display": "100", "missing_lines": 0, "excluded_lines": 0, "percent_statements_covered": 100.0, "percent_statements_covered_display": "100", "num_branches": 0, "num_partial_branches": 0, "covered_branches": 0, "missing_branches": 0, "percent_branches_covered": 100.0, "percent_branches_covered_display": "100"}, "missing_lines": [], "excluded_lines": [], "start_line": 1, "executed_branches": [], "missing_branches": []}}}, "src/rareburden/acquisition/adapters/csv_population.py": {"executed_lines": [3, 5, 6, 7, 9, 11, 12, 13, 16, 20, 21, 22, 23, 24, 25, 26, 27, 28, 29, 30, 33, 34, 35, 36, 37, 38, 41, 52, 53, 54, 55, 56, 57, 58, 59, 60, 61, 62, 63, 64, 66, 67, 68, 69, 70, 73, 74, 75, 76, 77, 78, 79, 80, 81, 82, 83, 84, 85, 86, 87, 88, 89, 90, 91, 93, 94, 97, 100, 101, 102, 103, 104, 105, 106, 107, 109, 111, 112, 113, 114, 115, 117, 146, 147, 148, 149], "summary": {"covered_lines": 86, "num_statements": 86, "percent_covered": 100.0, "percent_covered_display": "100", "missing_lines": 0, "excluded_lines": 0, "percent_statements_covered": 100.0, "percent_statements_covered_display": "100", "num_branches": 36, "num_partial_branches": 0, "covered_branches": 36, "missing_branches": 0, "percent_branches_covered": 100.0, "percent_branches_covered_display": "100"}, "missing_lines": [], "excluded_lines": [], "executed_branches": [[22, 23], [22, 24], [28, 29], [28, 30], [36, 37], [36, 38], [53, 54], [53, 55], [55, 56], [55, 57], [59, 60], [59, 61], [75, 76], [75, 77], [77, 78], [77, 147], [84, 85], [84, 86], [86, 87], [86, 88], [90, 91], [90, 93], [93, 94], [93, 111], [100, 101], [100, 104], [102, 103], [102, 114], [104, 105], [104, 106], [106, 107], [106, 109], [114, 115], [114, 117], [147, 148], [147, 149]], "missing_branches": [], "functions": {"_parse_optional_float": {"executed_lines": [21, 22, 23, 24, 25, 26, 27, 28, 29, 30], "summary": {"covered_lines": 10, "num_statements": 10, "percent_covered": 100.0, "percent_covered_display": "100", "missing_lines": 0, "excluded_lines": 0, "percent_statements_covered": 100.0, "percent_statements_covered_display": "100", "num_branches": 4, "num_partial_branches": 0, "covered_branches": 4, "missing_branches": 0, "percent_branches_covered": 100.0, "percent_branches_covered_display": "100"}, "missing_lines": [], "excluded_lines": [], "start_line": 20, "executed_branches": [[22, 23], [22, 24], [28, 29], [28, 30]], "missing_branches": []}, "_normalise_sex": {"executed_lines": [34, 35, 36, 37, 38], "summary": {"covered_lines": 5, "num_statements": 5, "percent_covered": 100.0, "percent_covered_display": "100", "missing_lines": 0, "excluded_lines": 0, "percent_statements_covered": 100.0, "percent_statements_covered_display": "100", "num_branches": 2, "num_partial_branches": 0, "covered_branches": 2, "missing_branches": 0, "percent_branches_covered": 100.0, "percent_branches_covered_display": "100"}, "missing_lines": [], "excluded_lines": [], "start_line": 33, "executed_branches": [[36, 37], [36, 38]], "missing_branches": []}, "normalise_population_csv": {"executed_lines": [52, 53, 54, 55, 56, 57, 58, 59, 60, 61, 62, 63, 64, 66, 67, 68, 69, 70, 73, 74, 75, 76, 77, 78, 79, 80, 81, 82, 83, 84, 85, 86, 87, 88, 89, 90, 91, 93, 94, 97, 100, 101, 102, 103, 104, 105, 106, 107, 109, 111, 112, 113, 114, 115, 117, 146, 147, 148, 149], "summary": {"covered_lines": 59, "num_statements": 59, "percent_covered": 100.0, "percent_covered_display": "100", "missing_lines": 0, "excluded_lines": 0, "percent_statements_covered": 100.0, "percent_statements_covered_display": "100", "num_branches": 30, "num_partial_branches": 0, "covered_branches": 30, "missing_branches": 0, "percent_branches_covered": 100.0, "percent_branches_covered_display": "100"}, "missing_lines": [], "excluded_lines": [], "start_line": 41, "executed_branches": [[53, 54], [53, 55], [55, 56], [55, 57], [59, 60], [59, 61], [75, 76], [75, 77], [77, 78], [77, 147], [84, 85], [84, 86], [86, 87], [86, 88], [90, 91], [90, 93], [93, 94], [93, 111], [100, 101], [100, 104], [102, 103], [102, 114], [104, 105], [104, 106], [106, 107], [106, 109], [114, 115], [114, 117], [147, 148], [147, 149]], "missing_branches": []}, "": {"executed_lines": [3, 5, 6, 7, 9, 11, 12, 13, 16, 20, 33, 41], "summary": {"covered_lines": 12, "num_statements": 12, "percent_covered": 100.0, "percent_covered_display": "100", "missing_lines": 0, "excluded_lines": 0, "percent_statements_covered": 100.0, "percent_statements_covered_display": "100", "num_branches": 0, "num_partial_branches": 0, "covered_branches": 0, "missing_branches": 0, "percent_branches_covered": 100.0, "percent_branches_covered_display": "100"}, "missing_lines": [], "excluded_lines": [], "start_line": 1, "executed_branches": [], "missing_branches": []}}, "classes": {"PopulationCSVError": {"executed_lines": [], "summary": {"covered_lines": 0, "num_statements": 0, "percent_covered": 100.0, "percent_covered_display": "100", "missing_lines": 0, "excluded_lines": 0, "percent_statements_covered": 100.0, "percent_statements_covered_display": "100", "num_branches": 0, "num_partial_branches": 0, "covered_branches": 0, "missing_branches": 0, "percent_branches_covered": 100.0, "percent_branches_covered_display": "100"}, "missing_lines": [], "excluded_lines": [], "start_line": 16, "executed_branches": [], "missing_branches": []}, "": {"executed_lines": [3, 5, 6, 7, 9, 11, 12, 13, 16, 20, 21, 22, 23, 24, 25, 26, 27, 28, 29, 30, 33, 34, 35, 36, 37, 38, 41, 52, 53, 54, 55, 56, 57, 58, 59, 60, 61, 62, 63, 64, 66, 67, 68, 69, 70, 73, 74, 75, 76, 77, 78, 79, 80, 81, 82, 83, 84, 85, 86, 87, 88, 89, 90, 91, 93, 94, 97, 100, 101, 102, 103, 104, 105, 106, 107, 109, 111, 112, 113, 114, 115, 117, 146, 147, 148, 149], "summary": {"covered_lines": 86, "num_statements": 86, "percent_covered": 100.0, "percent_covered_display": "100", "missing_lines": 0, "excluded_lines": 0, "percent_statements_covered": 100.0, "percent_statements_covered_display": "100", "num_branches": 36, "num_partial_branches": 0, "covered_branches": 36, "missing_branches": 0, "percent_branches_covered": 100.0, "percent_branches_covered_display": "100"}, "missing_lines": [], "excluded_lines": [], "start_line": 1, "executed_branches": [[22, 23], [22, 24], [28, 29], [28, 30], [36, 37], [36, 38], [53, 54], [53, 55], [55, 56], [55, 57], [59, 60], [59, 61], [75, 76], [75, 77], [77, 78], [77, 147], [84, 85], [84, 86], [86, 87], [86, 88], [90, 91], [90, 93], [93, 94], [93, 111], [100, 101], [100, 104], [102, 103], [102, 114], [104, 105], [104, 106], [106, 107], [106, 109], [114, 115], [114, 117], [147, 148], [147, 149]], "missing_branches": []}}}, "src/rareburden/acquisition/adapters/orphadata.py": {"executed_lines": [3, 5, 6, 8, 9, 11, 13, 16, 20, 21, 24, 25, 26, 27, 28, 31, 38, 39, 40, 41, 43, 44, 45, 46, 47, 48, 49, 50, 51, 52, 53, 54, 55, 56, 57, 72, 73, 74, 75], "summary": {"covered_lines": 39, "num_statements": 39, "percent_covered": 100.0, "percent_covered_display": "100", "missing_lines": 0, "excluded_lines": 0, "percent_statements_covered": 100.0, "percent_statements_covered_display": "100", "num_branches": 16, "num_partial_branches": 0, "covered_branches": 16, "missing_branches": 0, "percent_branches_covered": 100.0, "percent_branches_covered_display": "100"}, "missing_lines": [], "excluded_lines": [], "executed_branches": [[25, 26], [25, 28], [26, 25], [26, 27], [45, 46], [45, 73], [46, 47], [46, 48], [50, 51], [50, 52], [52, 53], [52, 54], [54, 55], [54, 56], [73, 74], [73, 75]], "missing_branches": [], "functions": {"_local_name": {"executed_lines": [21], "summary": {"covered_lines": 1, "num_statements": 1, "percent_covered": 100.0, "percent_covered_display": "100", "missing_lines": 0, "excluded_lines": 0, "percent_statements_covered": 100.0, "percent_statements_covered_display": "100", "num_branches": 0, "num_partial_branches": 0, "covered_branches": 0, "missing_branches": 0, "percent_branches_covered": 100.0, "percent_branches_covered_display": "100"}, "missing_lines": [], "excluded_lines": [], "start_line": 20, "executed_branches": [], "missing_branches": []}, "_first_child_text": {"executed_lines": [25, 26, 27, 28], "summary": {"covered_lines": 4, "num_statements": 4, "percent_covered": 100.0, "percent_covered_display": "100", "missing_lines": 0, "excluded_lines": 0, "percent_statements_covered": 100.0, "percent_statements_covered_display": "100", "num_branches": 4, "num_partial_branches": 0, "covered_branches": 4, "missing_branches": 0, "percent_branches_covered": 100.0, "percent_branches_covered_display": "100"}, "missing_lines": [], "excluded_lines": [], "start_line": 24, "executed_branches": [[25, 26], [25, 28], [26, 25], [26, 27]], "missing_branches": []}, "normalise_orphadata_xml": {"executed_lines": [38, 39, 40, 41, 43, 44, 45, 46, 47, 48, 49, 50, 51, 52, 53, 54, 55, 56, 57, 72, 73, 74, 75], "summary": {"covered_lines": 23, "num_statements": 23, "percent_covered": 100.0, "percent_covered_display": "100", "missing_lines": 0, "excluded_lines": 0, "percent_statements_covered": 100.0, "percent_statements_covered_display": "100", "num_branches": 12, "num_partial_branches": 0, "covered_branches": 12, "missing_branches": 0, "percent_branches_covered": 100.0, "percent_branches_covered_display": "100"}, "missing_lines": [], "excluded_lines": [], "start_line": 31, "executed_branches": [[45, 46], [45, 73], [46, 47], [46, 48], [50, 51], [50, 52], [52, 53], [52, 54], [54, 55], [54, 56], [73, 74], [73, 75]], "missing_branches": []}, "": {"executed_lines": [3, 5, 6, 8, 9, 11, 13, 16, 20, 24, 31], "summary": {"covered_lines": 11, "num_statements": 11, "percent_covered": 100.0, "percent_covered_display": "100", "missing_lines": 0, "excluded_lines": 0, "percent_statements_covered": 100.0, "percent_statements_covered_display": "100", "num_branches": 0, "num_partial_branches": 0, "covered_branches": 0, "missing_branches": 0, "percent_branches_covered": 100.0, "percent_branches_covered_display": "100"}, "missing_lines": [], "excluded_lines": [], "start_line": 1, "executed_branches": [], "missing_branches": []}}, "classes": {"OrphadataXMLInvalid": {"executed_lines": [], "summary": {"covered_lines": 0, "num_statements": 0, "percent_covered": 100.0, "percent_covered_display": "100", "missing_lines": 0, "excluded_lines": 0, "percent_statements_covered": 100.0, "percent_statements_covered_display": "100", "num_branches": 0, "num_partial_branches": 0, "covered_branches": 0, "missing_branches": 0, "percent_branches_covered": 100.0, "percent_branches_covered_display": "100"}, "missing_lines": [], "excluded_lines": [], "start_line": 16, "executed_branches": [], "missing_branches": []}, "": {"executed_lines": [3, 5, 6, 8, 9, 11, 13, 16, 20, 21, 24, 25, 26, 27, 28, 31, 38, 39, 40, 41, 43, 44, 45, 46, 47, 48, 49, 50, 51, 52, 53, 54, 55, 56, 57, 72, 73, 74, 75], "summary": {"covered_lines": 39, "num_statements": 39, "percent_covered": 100.0, "percent_covered_display": "100", "missing_lines": 0, "excluded_lines": 0, "percent_statements_covered": 100.0, "percent_statements_covered_display": "100", "num_branches": 16, "num_partial_branches": 0, "covered_branches": 16, "missing_branches": 0, "percent_branches_covered": 100.0, "percent_branches_covered_display": "100"}, "missing_lines": [], "excluded_lines": [], "start_line": 1, "executed_branches": [[25, 26], [25, 28], [26, 25], [26, 27], [45, 46], [45, 73], [46, 47], [46, 48], [50, 51], [50, 52], [52, 53], [52, 54], [54, 55], [54, 56], [73, 74], [73, 75]], "missing_branches": []}}}, "src/rareburden/acquisition/adapters/who.py": {"executed_lines": [3, 5, 6, 7, 9, 11, 12, 26, 30, 31, 32, 33, 34, 35, 38, 48, 49, 50, 51, 52, 53, 54, 56, 57, 58, 59, 60, 61, 62, 63, 64, 65, 66, 67, 68, 69, 70, 71, 72, 73, 74, 75, 76, 77, 78, 79, 80, 81, 92, 93, 116, 117, 118, 119], "summary": {"covered_lines": 54, "num_statements": 54, "percent_covered": 100.0, "percent_covered_display": "100", "missing_lines": 0, "excluded_lines": 0, "percent_statements_covered": 100.0, "percent_statements_covered_display": "100", "num_branches": 16, "num_partial_branches": 0, "covered_branches": 16, "missing_branches": 0, "percent_branches_covered": 100.0, "percent_branches_covered_display": "100"}, "missing_lines": [], "excluded_lines": [], "executed_branches": [[33, 34], [33, 35], [49, 50], [49, 51], [62, 63], [62, 64], [64, 65], [64, 117], [70, 71], [70, 72], [72, 73], [72, 74], [81, 92], [81, 93], [117, 118], [117, 119]], "missing_branches": [], "functions": {"_normalise_sex": {"executed_lines": [31, 32, 33, 34, 35], "summary": {"covered_lines": 5, "num_statements": 5, "percent_covered": 100.0, "percent_covered_display": "100", "missing_lines": 0, "excluded_lines": 0, "percent_statements_covered": 100.0, "percent_statements_covered_display": "100", "num_branches": 2, "num_partial_branches": 0, "covered_branches": 2, "missing_branches": 0, "percent_branches_covered": 100.0, "percent_branches_covered_display": "100"}, "missing_lines": [], "excluded_lines": [], "start_line": 30, "executed_branches": [[33, 34], [33, 35]], "missing_branches": []}, "normalise_who_csv": {"executed_lines": [48, 49, 50, 51, 52, 53, 54, 56, 57, 58, 59, 60, 61, 62, 63, 64, 65, 66, 67, 68, 69, 70, 71, 72, 73, 74, 75, 76, 77, 78, 79, 80, 81, 92, 93, 116, 117, 118, 119], "summary": {"covered_lines": 39, "num_statements": 39, "percent_covered": 100.0, "percent_covered_display": "100", "missing_lines": 0, "excluded_lines": 0, "percent_statements_covered": 100.0, "percent_statements_covered_display": "100", "num_branches": 14, "num_partial_branches": 0, "covered_branches": 14, "missing_branches": 0, "percent_branches_covered": 100.0, "percent_branches_covered_display": "100"}, "missing_lines": [], "excluded_lines": [], "start_line": 38, "executed_branches": [[49, 50], [49, 51], [62, 63], [62, 64], [64, 65], [64, 117], [70, 71], [70, 72], [72, 73], [72, 74], [81, 92], [81, 93], [117, 118], [117, 119]], "missing_branches": []}, "": {"executed_lines": [3, 5, 6, 7, 9, 11, 12, 26, 30, 38], "summary": {"covered_lines": 10, "num_statements": 10, "percent_covered": 100.0, "percent_covered_display": "100", "missing_lines": 0, "excluded_lines": 0, "percent_statements_covered": 100.0, "percent_statements_covered_display": "100", "num_branches": 0, "num_partial_branches": 0, "covered_branches": 0, "missing_branches": 0, "percent_branches_covered": 100.0, "percent_branches_covered_display": "100"}, "missing_lines": [], "excluded_lines": [], "start_line": 1, "executed_branches": [], "missing_branches": []}}, "classes": {"WHOCSVError": {"executed_lines": [], "summary": {"covered_lines": 0, "num_statements": 0, "percent_covered": 100.0, "percent_covered_display": "100", "missing_lines": 0, "excluded_lines": 0, "percent_statements_covered": 100.0, "percent_statements_covered_display": "100", "num_branches": 0, "num_partial_branches": 0, "covered_branches": 0, "missing_branches": 0, "percent_branches_covered": 100.0, "percent_branches_covered_display": "100"}, "missing_lines": [], "excluded_lines": [], "start_line": 26, "executed_branches": [], "missing_branches": []}, "": {"executed_lines": [3, 5, 6, 7, 9, 11, 12, 26, 30, 31, 32, 33, 34, 35, 38, 48, 49, 50, 51, 52, 53, 54, 56, 57, 58, 59, 60, 61, 62, 63, 64, 65, 66, 67, 68, 69, 70, 71, 72, 73, 74, 75, 76, 77, 78, 79, 80, 81, 92, 93, 116, 117, 118, 119], "summary": {"covered_lines": 54, "num_statements": 54, "percent_covered": 100.0, "percent_covered_display": "100", "missing_lines": 0, "excluded_lines": 0, "percent_statements_covered": 100.0, "percent_statements_covered_display": "100", "num_branches": 16, "num_partial_branches": 0, "covered_branches": 16, "missing_branches": 0, "percent_branches_covered": 100.0, "percent_branches_covered_display": "100"}, "missing_lines": [], "excluded_lines": [], "start_line": 1, "executed_branches": [[33, 34], [33, 35], [49, 50], [49, 51], [62, 63], [62, 64], [64, 65], [64, 117], [70, 71], [70, 72], [72, 73], [72, 74], [81, 92], [81, 93], [117, 118], [117, 119]], "missing_branches": []}}}, "src/rareburden/acquisition/adapters/world_bank.py": {"executed_lines": [3, 5, 6, 7, 8, 9, 11, 13, 14, 15, 18, 22, 32, 33, 34, 35, 36, 37, 38, 39, 40, 41, 45, 53, 56, 57, 58, 59, 60, 61, 64, 65, 66, 67, 68, 69, 72, 80, 81, 82, 83, 84, 85, 86, 87, 88, 89, 90, 91, 92, 96, 97, 98, 99, 100, 101, 102, 103, 104, 105, 106, 107, 108, 109, 110, 111, 114, 115, 116, 117, 118, 119, 120, 147, 148, 149, 150, 153, 161, 162, 163, 164, 165], "summary": {"covered_lines": 83, "num_statements": 83, "percent_covered": 100.0, "percent_covered_display": "100", "missing_lines": 0, "excluded_lines": 0, "percent_statements_covered": 100.0, "percent_statements_covered_display": "100", "num_branches": 34, "num_partial_branches": 0, "covered_branches": 34, "missing_branches": 0, "percent_branches_covered": 100.0, "percent_branches_covered_display": "100"}, "missing_lines": [], "excluded_lines": [], "executed_branches": [[33, 34], [33, 35], [35, 36], [35, 37], [37, 38], [37, 39], [39, 40], [39, 41], [57, 58], [57, 64], [64, 65], [64, 69], [81, 82], [81, 83], [84, 85], [84, 86], [91, 92], [91, 96], [97, 98], [97, 148], [98, 99], [98, 100], [101, 102], [101, 103], [103, 104], [103, 105], [107, 108], [107, 109], [110, 111], [110, 114], [117, 118], [117, 119], [148, 149], [148, 150]], "missing_branches": [], "functions": {"build_indicator_url": {"executed_lines": [32, 33, 34, 35, 36, 37, 38, 39, 40, 41, 45, 53], "summary": {"covered_lines": 12, "num_statements": 12, "percent_covered": 100.0, "percent_covered_display": "100", "missing_lines": 0, "excluded_lines": 0, "percent_statements_covered": 100.0, "percent_statements_covered_display": "100", "num_branches": 8, "num_partial_branches": 0, "covered_branches": 8, "missing_branches": 0, "percent_branches_covered": 100.0, "percent_branches_covered_display": "100"}, "missing_lines": [], "excluded_lines": [], "start_line": 22, "executed_branches": [[33, 34], [33, 35], [35, 36], [35, 37], [37, 38], [37, 39], [39, 40], [39, 41]], "missing_branches": []}, "_load_payload": {"executed_lines": [57, 58, 59, 60, 61, 64, 65, 66, 67, 68, 69], "summary": {"covered_lines": 11, "num_statements": 11, "percent_covered": 100.0, "percent_covered_display": "100", "missing_lines": 0, "excluded_lines": 0, "percent_statements_covered": 100.0, "percent_statements_covered_display": "100", "num_branches": 4, "num_partial_branches": 0, "covered_branches": 4, "missing_branches": 0, "percent_branches_covered": 100.0, "percent_branches_covered_display": "100"}, "missing_lines": [], "excluded_lines": [], "start_line": 56, "executed_branches": [[57, 58], [57, 64], [64, 65], [64, 69]], "missing_branches": []}, "normalise_indicator_payload": {"executed_lines": [80, 81, 82, 83, 84, 85, 86, 87, 88, 89, 90, 91, 92, 96, 97, 98, 99, 100, 101, 102, 103, 104, 105, 106, 107, 108, 109, 110, 111, 114, 115, 116, 117, 118, 119, 120, 147, 148, 149, 150], "summary": {"covered_lines": 40, "num_statements": 40, "percent_covered": 100.0, "percent_covered_display": "100", "missing_lines": 0, "excluded_lines": 0, "percent_statements_covered": 100.0, "percent_statements_covered_display": "100", "num_branches": 22, "num_partial_branches": 0, "covered_branches": 22, "missing_branches": 0, "percent_branches_covered": 100.0, "percent_branches_covered_display": "100"}, "missing_lines": [], "excluded_lines": [], "start_line": 72, "executed_branches": [[81, 82], [81, 83], [84, 85], [84, 86], [91, 92], [91, 96], [97, 98], [97, 148], [98, 99], [98, 100], [101, 102], [101, 103], [103, 104], [103, 105], [107, 108], [107, 109], [110, 111], [110, 114], [117, 118], [117, 119], [148, 149], [148, 150]], "missing_branches": []}, "normalise_indicator_json": {"executed_lines": [161, 162, 163, 164, 165], "summary": {"covered_lines": 5, "num_statements": 5, "percent_covered": 100.0, "percent_covered_display": "100", "missing_lines": 0, "excluded_lines": 0, "percent_statements_covered": 100.0, "percent_statements_covered_display": "100", "num_branches": 0, "num_partial_branches": 0, "covered_branches": 0, "missing_branches": 0, "percent_branches_covered": 100.0, "percent_branches_covered_display": "100"}, "missing_lines": [], "excluded_lines": [], "start_line": 153, "executed_branches": [], "missing_branches": []}, "": {"executed_lines": [3, 5, 6, 7, 8, 9, 11, 13, 14, 15, 18, 22, 56, 72, 153], "summary": {"covered_lines": 15, "num_statements": 15, "percent_covered": 100.0, "percent_covered_display": "100", "missing_lines": 0, "excluded_lines": 0, "percent_statements_covered": 100.0, "percent_statements_covered_display": "100", "num_branches": 0, "num_partial_branches": 0, "covered_branches": 0, "missing_branches": 0, "percent_branches_covered": 100.0, "percent_branches_covered_display": "100"}, "missing_lines": [], "excluded_lines": [], "start_line": 1, "executed_branches": [], "missing_branches": []}}, "classes": {"WorldBankPayloadError": {"executed_lines": [], "summary": {"covered_lines": 0, "num_statements": 0, "percent_covered": 100.0, "percent_covered_display": "100", "missing_lines": 0, "excluded_lines": 0, "percent_statements_covered": 100.0, "percent_statements_covered_display": "100", "num_branches": 0, "num_partial_branches": 0, "covered_branches": 0, "missing_branches": 0, "percent_branches_covered": 100.0, "percent_branches_covered_display": "100"}, "missing_lines": [], "excluded_lines": [], "start_line": 18, "executed_branches": [], "missing_branches": []}, "": {"executed_lines": [3, 5, 6, 7, 8, 9, 11, 13, 14, 15, 18, 22, 32, 33, 34, 35, 36, 37, 38, 39, 40, 41, 45, 53, 56, 57, 58, 59, 60, 61, 64, 65, 66, 67, 68, 69, 72, 80, 81, 82, 83, 84, 85, 86, 87, 88, 89, 90, 91, 92, 96, 97, 98, 99, 100, 101, 102, 103, 104, 105, 106, 107, 108, 109, 110, 111, 114, 115, 116, 117, 118, 119, 120, 147, 148, 149, 150, 153, 161, 162, 163, 164, 165], "summary": {"covered_lines": 83, "num_statements": 83, "percent_covered": 100.0, "percent_covered_display": "100", "missing_lines": 0, "excluded_lines": 0, "percent_statements_covered": 100.0, "percent_statements_covered_display": "100", "num_branches": 34, "num_partial_branches": 0, "covered_branches": 34, "missing_branches": 0, "percent_branches_covered": 100.0, "percent_branches_covered_display": "100"}, "missing_lines": [], "excluded_lines": [], "start_line": 1, "executed_branches": [[33, 34], [33, 35], [35, 36], [35, 37], [37, 38], [37, 39], [39, 40], [39, 41], [57, 58], [57, 64], [64, 65], [64, 69], [81, 82], [81, 83], [84, 85], [84, 86], [91, 92], [91, 96], [97, 98], [97, 148], [98, 99], [98, 100], [101, 102], [101, 103], [103, 104], [103, 105], [107, 108], [107, 109], [110, 111], [110, 114], [117, 118], [117, 119], [148, 149], [148, 150]], "missing_branches": []}}}, "src/rareburden/acquisition/core.py": {"executed_lines": [3, 5, 6, 7, 8, 9, 10, 11, 12, 13, 14, 15, 16, 17, 18, 20, 21, 32, 33, 46, 49, 53, 56, 65, 66, 67, 68, 69, 70, 74, 76, 89, 96, 97, 100, 101, 102, 103, 104, 105, 106, 107, 108, 110, 111, 112, 113, 114, 115, 116, 117, 118, 119, 120, 123, 124, 127, 128, 129, 130, 131, 132, 133, 134, 137, 138, 141, 142, 143, 146, 148, 149, 153, 156, 157, 158, 159, 160, 161, 162, 165, 166, 167, 179, 180, 181, 182, 183, 184, 185, 188, 189, 190, 191, 192, 193, 194, 195, 196, 197, 198, 203, 204, 205, 206, 207, 208, 209, 210, 211, 212, 213, 217, 220, 223, 224, 225, 226, 228, 241, 242, 243, 244, 245, 246, 247, 250, 251, 252, 255, 258, 259, 260, 261, 262, 263, 264, 265, 272, 273, 274, 275, 276, 279, 280, 281, 282, 283, 284, 285, 286, 287, 288, 291, 294, 295, 296, 297, 298, 299, 300, 303, 310, 311, 312, 321, 322, 323, 324, 325, 326, 327, 328, 329, 330, 331, 332, 333, 334, 335, 336, 339, 340, 341, 342, 345, 346, 352, 361, 375, 376, 377, 378, 379, 383, 384, 385, 386, 387, 389, 390, 391, 392, 395, 397, 398, 399, 400, 401, 407, 408, 415, 416, 417, 418, 431, 432, 433, 434, 435, 436, 437, 439, 440, 441, 442, 443, 444, 446, 447, 448, 449, 450, 452, 454, 457, 464, 475, 477, 478, 479, 482, 488, 497, 498, 499, 500, 501, 504, 506, 507, 508, 509, 512], "summary": {"covered_lines": 254, "num_statements": 261, "percent_covered": 95.38904899135447, "percent_covered_display": "95", "missing_lines": 7, "excluded_lines": 2, "percent_statements_covered": 97.31800766283524, "percent_statements_covered_display": "97", "num_branches": 86, "num_partial_branches": 9, "covered_branches": 77, "missing_branches": 9, "percent_branches_covered": 89.53488372093024, "percent_branches_covered_display": "90"}, "missing_lines": [237, 238, 380, 438, 445, 451, 476], "excluded_lines": [289, 290], "executed_branches": [[111, 112], [111, 113], [113, 114], [113, 115], [115, 116], [115, 117], [117, 118], [117, 119], [119, -110], [119, 120], [157, 158], [157, 159], [160, 161], [160, 162], [182, 183], [182, 184], [184, 185], [184, 188], [188, 189], [188, 190], [190, 191], [190, 192], [193, 194], [193, 195], [195, 196], [195, 197], [205, 206], [205, 207], [207, 208], [207, 217], [209, 210], [209, 211], [212, 207], [212, 213], [259, 260], [259, 261], [273, 274], [273, 281], [275, 276], [275, 279], [281, 282], [281, 283], [286, 287], [295, 296], [295, 300], [323, 324], [323, 325], [328, 329], [328, 339], [333, 334], [333, 335], [335, 336], [335, 339], [341, 342], [341, 345], [376, 377], [376, 378], [379, 383], [384, 385], [384, 386], [386, 387], [386, 389], [390, 391], [390, 392], [398, 399], [407, 408], [407, 415], [432, 433], [437, 439], [439, 440], [439, 441], [444, 446], [446, 447], [446, 448], [450, 452], [475, 477], [497, 498]], "missing_branches": [[286, 288], [379, 380], [398, 454], [432, 434], [437, 438], [444, 445], [450, 451], [475, 476], [497, 499]], "functions": {"SourceChangedError.__init__": {"executed_lines": [65, 66, 67, 68, 69, 70], "summary": {"covered_lines": 6, "num_statements": 6, "percent_covered": 100.0, "percent_covered_display": "100", "missing_lines": 0, "excluded_lines": 0, "percent_statements_covered": 100.0, "percent_statements_covered_display": "100", "num_branches": 0, "num_partial_branches": 0, "covered_branches": 0, "missing_branches": 0, "percent_branches_covered": 100.0, "percent_branches_covered_display": "100"}, "missing_lines": [], "excluded_lines": [], "start_line": 56, "executed_branches": [], "missing_branches": []}, "SourceChangedError.as_record": {"executed_lines": [76, 89], "summary": {"covered_lines": 2, "num_statements": 2, "percent_covered": 100.0, "percent_covered_display": "100", "missing_lines": 0, "excluded_lines": 0, "percent_statements_covered": 100.0, "percent_statements_covered_display": "100", "num_branches": 0, "num_partial_branches": 0, "covered_branches": 0, "missing_branches": 0, "percent_branches_covered": 100.0, "percent_branches_covered_display": "100"}, "missing_lines": [], "excluded_lines": [], "start_line": 74, "executed_branches": [], "missing_branches": []}, "DownloadPolicy.__post_init__": {"executed_lines": [111, 112, 113, 114, 115, 116, 117, 118, 119, 120], "summary": {"covered_lines": 10, "num_statements": 10, "percent_covered": 100.0, "percent_covered_display": "100", "missing_lines": 0, "excluded_lines": 0, "percent_statements_covered": 100.0, "percent_statements_covered_display": "100", "num_branches": 10, "num_partial_branches": 0, "covered_branches": 10, "missing_branches": 0, "percent_branches_covered": 100.0, "percent_branches_covered_display": "100"}, "missing_lines": [], "excluded_lines": [], "start_line": 110, "executed_branches": [[111, 112], [111, 113], [113, 114], [113, 115], [115, 116], [115, 117], [117, 118], [117, 119], [119, -110], [119, 120]], "missing_branches": []}, "redact_url": {"executed_lines": [148, 149, 153], "summary": {"covered_lines": 3, "num_statements": 3, "percent_covered": 100.0, "percent_covered_display": "100", "missing_lines": 0, "excluded_lines": 0, "percent_statements_covered": 100.0, "percent_statements_covered_display": "100", "num_branches": 0, "num_partial_branches": 0, "covered_branches": 0, "missing_branches": 0, "percent_branches_covered": 100.0, "percent_branches_covered_display": "100"}, "missing_lines": [], "excluded_lines": [], "start_line": 146, "executed_branches": [], "missing_branches": []}, "_normalise_digest": {"executed_lines": [157, 158, 159, 160, 161, 162], "summary": {"covered_lines": 6, "num_statements": 6, "percent_covered": 100.0, "percent_covered_display": "100", "missing_lines": 0, "excluded_lines": 0, "percent_statements_covered": 100.0, "percent_statements_covered_display": "100", "num_branches": 4, "num_partial_branches": 0, "covered_branches": 4, "missing_branches": 0, "percent_branches_covered": 100.0, "percent_branches_covered_display": "100"}, "missing_lines": [], "excluded_lines": [], "start_line": 156, "executed_branches": [[157, 158], [157, 159], [160, 161], [160, 162]], "missing_branches": []}, "_public_address": {"executed_lines": [166, 167], "summary": {"covered_lines": 2, "num_statements": 2, "percent_covered": 100.0, "percent_covered_display": "100", "missing_lines": 0, "excluded_lines": 0, "percent_statements_covered": 100.0, "percent_statements_covered_display": "100", "num_branches": 0, "num_partial_branches": 0, "covered_branches": 0, "missing_branches": 0, "percent_branches_covered": 100.0, "percent_branches_covered_display": "100"}, "missing_lines": [], "excluded_lines": [], "start_line": 165, "executed_branches": [], "missing_branches": []}, "_validate_url": {"executed_lines": [180, 181, 182, 183, 184, 185, 188, 189, 190, 191, 192, 193, 194, 195, 196, 197, 198, 203, 204, 205, 206, 207, 208, 209, 210, 211, 212, 213, 217], "summary": {"covered_lines": 29, "num_statements": 29, "percent_covered": 100.0, "percent_covered_display": "100", "missing_lines": 0, "excluded_lines": 0, "percent_statements_covered": 100.0, "percent_statements_covered_display": "100", "num_branches": 20, "num_partial_branches": 0, "covered_branches": 20, "missing_branches": 0, "percent_branches_covered": 100.0, "percent_branches_covered_display": "100"}, "missing_lines": [], "excluded_lines": [], "start_line": 179, "executed_branches": [[182, 183], [182, 184], [184, 185], [184, 188], [188, 189], [188, 190], [190, 191], [190, 192], [193, 194], [193, 195], [195, 196], [195, 197], [205, 206], [205, 207], [207, 208], [207, 217], [209, 210], [209, 211], [212, 207], [212, 213]], "missing_branches": []}, "_SafeRedirectHandler.__init__": {"executed_lines": [224, 225, 226], "summary": {"covered_lines": 3, "num_statements": 3, "percent_covered": 100.0, "percent_covered_display": "100", "missing_lines": 0, "excluded_lines": 0, "percent_statements_covered": 100.0, "percent_statements_covered_display": "100", "num_branches": 0, "num_partial_branches": 0, "covered_branches": 0, "missing_branches": 0, "percent_branches_covered": 100.0, "percent_branches_covered_display": "100"}, "missing_lines": [], "excluded_lines": [], "start_line": 223, "executed_branches": [], "missing_branches": []}, "_SafeRedirectHandler.redirect_request": {"executed_lines": [], "summary": {"covered_lines": 0, "num_statements": 2, "percent_covered": 0.0, "percent_covered_display": "0", "missing_lines": 2, "excluded_lines": 0, "percent_statements_covered": 0.0, "percent_statements_covered_display": "0", "num_branches": 0, "num_partial_branches": 0, "covered_branches": 0, "missing_branches": 0, "percent_branches_covered": 100.0, "percent_branches_covered_display": "100"}, "missing_lines": [237, 238], "excluded_lines": [], "start_line": 228, "executed_branches": [], "missing_branches": []}, "_content_type": {"executed_lines": [242, 243, 244, 245, 246, 247], "summary": {"covered_lines": 6, "num_statements": 6, "percent_covered": 100.0, "percent_covered_display": "100", "missing_lines": 0, "excluded_lines": 0, "percent_statements_covered": 100.0, "percent_statements_covered_display": "100", "num_branches": 0, "num_partial_branches": 0, "covered_branches": 0, "missing_branches": 0, "percent_branches_covered": 100.0, "percent_branches_covered_display": "100"}, "missing_lines": [], "excluded_lines": [], "start_line": 241, "executed_branches": [], "missing_branches": []}, "_header": {"executed_lines": [251, 252], "summary": {"covered_lines": 2, "num_statements": 2, "percent_covered": 100.0, "percent_covered_display": "100", "missing_lines": 0, "excluded_lines": 0, "percent_statements_covered": 100.0, "percent_statements_covered_display": "100", "num_branches": 0, "num_partial_branches": 0, "covered_branches": 0, "missing_branches": 0, "percent_branches_covered": 100.0, "percent_branches_covered_display": "100"}, "missing_lines": [], "excluded_lines": [], "start_line": 250, "executed_branches": [], "missing_branches": []}, "_stream_response": {"executed_lines": [258, 259, 260, 261, 262, 263, 264, 265, 272, 273, 274, 275, 276, 279, 280, 281, 282, 283, 284, 285, 286, 287, 288, 291], "summary": {"covered_lines": 24, "num_statements": 24, "percent_covered": 97.05882352941177, "percent_covered_display": "97", "missing_lines": 0, "excluded_lines": 2, "percent_statements_covered": 100.0, "percent_statements_covered_display": "100", "num_branches": 10, "num_partial_branches": 1, "covered_branches": 9, "missing_branches": 1, "percent_branches_covered": 90.0, "percent_branches_covered_display": "90"}, "missing_lines": [], "excluded_lines": [289, 290], "start_line": 255, "executed_branches": [[259, 260], [259, 261], [273, 274], [273, 281], [275, 276], [275, 279], [281, 282], [281, 283], [286, 287]], "missing_branches": [[286, 288]]}, "_retry_delay": {"executed_lines": [295, 296, 297, 298, 299, 300], "summary": {"covered_lines": 6, "num_statements": 6, "percent_covered": 100.0, "percent_covered_display": "100", "missing_lines": 0, "excluded_lines": 0, "percent_statements_covered": 100.0, "percent_statements_covered_display": "100", "num_branches": 2, "num_partial_branches": 0, "covered_branches": 2, "missing_branches": 0, "percent_branches_covered": 100.0, "percent_branches_covered_display": "100"}, "missing_lines": [], "excluded_lines": [], "start_line": 294, "executed_branches": [[295, 296], [295, 300]], "missing_branches": []}, "_download_once": {"executed_lines": [310, 311, 312, 321, 322, 323, 324, 325, 326, 327, 328, 329, 330, 331, 332, 333, 334, 335, 336, 339, 340, 341, 342, 345, 346, 352], "summary": {"covered_lines": 26, "num_statements": 26, "percent_covered": 100.0, "percent_covered_display": "100", "missing_lines": 0, "excluded_lines": 0, "percent_statements_covered": 100.0, "percent_statements_covered_display": "100", "num_branches": 10, "num_partial_branches": 0, "covered_branches": 10, "missing_branches": 0, "percent_branches_covered": 100.0, "percent_branches_covered_display": "100"}, "missing_lines": [], "excluded_lines": [], "start_line": 303, "executed_branches": [[323, 324], [323, 325], [328, 329], [328, 339], [333, 334], [333, 335], [335, 336], [335, 339], [341, 342], [341, 345]], "missing_branches": []}, "download_public_artifact": {"executed_lines": [375, 376, 377, 378, 379, 383, 384, 385, 386, 387, 389, 390, 391, 392, 395, 397, 398, 399, 400, 401, 407, 408, 415, 416, 417, 418, 431, 432, 433, 434, 435, 436, 437, 439, 440, 441, 442, 443, 444, 446, 447, 448, 449, 450, 452, 454], "summary": {"covered_lines": 46, "num_statements": 50, "percent_covered": 86.84210526315789, "percent_covered_display": "87", "missing_lines": 4, "excluded_lines": 0, "percent_statements_covered": 92.0, "percent_statements_covered_display": "92", "num_branches": 26, "num_partial_branches": 6, "covered_branches": 20, "missing_branches": 6, "percent_branches_covered": 76.92307692307692, "percent_branches_covered_display": "77"}, "missing_lines": [380, 438, 445, 451], "excluded_lines": [], "start_line": 361, "executed_branches": [[376, 377], [376, 378], [379, 383], [384, 385], [384, 386], [386, 387], [386, 389], [390, 391], [390, 392], [398, 399], [407, 408], [407, 415], [432, 433], [437, 439], [439, 440], [439, 441], [444, 446], [446, 447], [446, 448], [450, 452]], "missing_branches": [[379, 380], [398, 454], [432, 434], [437, 438], [444, 445], [450, 451]]}, "acquire_http": {"executed_lines": [464, 475, 477, 478, 479], "summary": {"covered_lines": 5, "num_statements": 6, "percent_covered": 75.0, "percent_covered_display": "75", "missing_lines": 1, "excluded_lines": 0, "percent_statements_covered": 83.33333333333333, "percent_statements_covered_display": "83", "num_branches": 2, "num_partial_branches": 1, "covered_branches": 1, "missing_branches": 1, "percent_branches_covered": 50.0, "percent_branches_covered_display": "50"}, "missing_lines": [476], "excluded_lines": [], "start_line": 457, "executed_branches": [[475, 477]], "missing_branches": [[475, 476]]}, "register_local_release": {"executed_lines": [488, 497, 498, 499, 500, 501], "summary": {"covered_lines": 6, "num_statements": 6, "percent_covered": 87.5, "percent_covered_display": "88", "missing_lines": 0, "excluded_lines": 0, "percent_statements_covered": 100.0, "percent_statements_covered_display": "100", "num_branches": 2, "num_partial_branches": 1, "covered_branches": 1, "missing_branches": 1, "percent_branches_covered": 50.0, "percent_branches_covered_display": "50"}, "missing_lines": [], "excluded_lines": [], "start_line": 482, "executed_branches": [[497, 498]], "missing_branches": [[497, 499]]}, "validate_acquisition_manifest": {"executed_lines": [506, 507, 508, 509], "summary": {"covered_lines": 4, "num_statements": 4, "percent_covered": 100.0, "percent_covered_display": "100", "missing_lines": 0, "excluded_lines": 0, "percent_statements_covered": 100.0, "percent_statements_covered_display": "100", "num_branches": 0, "num_partial_branches": 0, "covered_branches": 0, "missing_branches": 0, "percent_branches_covered": 100.0, "percent_branches_covered_display": "100"}, "missing_lines": [], "excluded_lines": [], "start_line": 504, "executed_branches": [], "missing_branches": []}, "": {"executed_lines": [3, 5, 6, 7, 8, 9, 10, 11, 12, 13, 14, 15, 16, 17, 18, 20, 21, 32, 33, 46, 49, 53, 56, 74, 96, 97, 100, 101, 102, 103, 104, 105, 106, 107, 108, 110, 123, 124, 127, 128, 129, 130, 131, 132, 133, 134, 137, 138, 141, 142, 143, 146, 156, 165, 179, 220, 223, 228, 241, 250, 255, 294, 303, 361, 457, 482, 504, 512], "summary": {"covered_lines": 68, "num_statements": 68, "percent_covered": 100.0, "percent_covered_display": "100", "missing_lines": 0, "excluded_lines": 0, "percent_statements_covered": 100.0, "percent_statements_covered_display": "100", "num_branches": 0, "num_partial_branches": 0, "covered_branches": 0, "missing_branches": 0, "percent_branches_covered": 100.0, "percent_branches_covered_display": "100"}, "missing_lines": [], "excluded_lines": [], "start_line": 1, "executed_branches": [], "missing_branches": []}}, "classes": {"AcquisitionError": {"executed_lines": [], "summary": {"covered_lines": 0, "num_statements": 0, "percent_covered": 100.0, "percent_covered_display": "100", "missing_lines": 0, "excluded_lines": 0, "percent_statements_covered": 100.0, "percent_statements_covered_display": "100", "num_branches": 0, "num_partial_branches": 0, "covered_branches": 0, "missing_branches": 0, "percent_branches_covered": 100.0, "percent_branches_covered_display": "100"}, "missing_lines": [], "excluded_lines": [], "start_line": 49, "executed_branches": [], "missing_branches": []}, "SourceChangedError": {"executed_lines": [65, 66, 67, 68, 69, 70, 76, 89], "summary": {"covered_lines": 8, "num_statements": 8, "percent_covered": 100.0, "percent_covered_display": "100", "missing_lines": 0, "excluded_lines": 0, "percent_statements_covered": 100.0, "percent_statements_covered_display": "100", "num_branches": 0, "num_partial_branches": 0, "covered_branches": 0, "missing_branches": 0, "percent_branches_covered": 100.0, "percent_branches_covered_display": "100"}, "missing_lines": [], "excluded_lines": [], "start_line": 53, "executed_branches": [], "missing_branches": []}, "DownloadPolicy": {"executed_lines": [111, 112, 113, 114, 115, 116, 117, 118, 119, 120], "summary": {"covered_lines": 10, "num_statements": 10, "percent_covered": 100.0, "percent_covered_display": "100", "missing_lines": 0, "excluded_lines": 0, "percent_statements_covered": 100.0, "percent_statements_covered_display": "100", "num_branches": 10, "num_partial_branches": 0, "covered_branches": 10, "missing_branches": 0, "percent_branches_covered": 100.0, "percent_branches_covered_display": "100"}, "missing_lines": [], "excluded_lines": [], "start_line": 97, "executed_branches": [[111, 112], [111, 113], [113, 114], [113, 115], [115, 116], [115, 117], [117, 118], [117, 119], [119, -110], [119, 120]], "missing_branches": []}, "AcquisitionRequest": {"executed_lines": [], "summary": {"covered_lines": 0, "num_statements": 0, "percent_covered": 100.0, "percent_covered_display": "100", "missing_lines": 0, "excluded_lines": 0, "percent_statements_covered": 100.0, "percent_statements_covered_display": "100", "num_branches": 0, "num_partial_branches": 0, "covered_branches": 0, "missing_branches": 0, "percent_branches_covered": 100.0, "percent_branches_covered_display": "100"}, "missing_lines": [], "excluded_lines": [], "start_line": 124, "executed_branches": [], "missing_branches": []}, "AcquisitionResult": {"executed_lines": [], "summary": {"covered_lines": 0, "num_statements": 0, "percent_covered": 100.0, "percent_covered_display": "100", "missing_lines": 0, "excluded_lines": 0, "percent_statements_covered": 100.0, "percent_statements_covered_display": "100", "num_branches": 0, "num_partial_branches": 0, "covered_branches": 0, "missing_branches": 0, "percent_branches_covered": 100.0, "percent_branches_covered_display": "100"}, "missing_lines": [], "excluded_lines": [], "start_line": 138, "executed_branches": [], "missing_branches": []}, "_SafeRedirectHandler": {"executed_lines": [224, 225, 226], "summary": {"covered_lines": 3, "num_statements": 5, "percent_covered": 60.0, "percent_covered_display": "60", "missing_lines": 2, "excluded_lines": 0, "percent_statements_covered": 60.0, "percent_statements_covered_display": "60", "num_branches": 0, "num_partial_branches": 0, "covered_branches": 0, "missing_branches": 0, "percent_branches_covered": 100.0, "percent_branches_covered_display": "100"}, "missing_lines": [237, 238], "excluded_lines": [], "start_line": 220, "executed_branches": [], "missing_branches": []}, "": {"executed_lines": [3, 5, 6, 7, 8, 9, 10, 11, 12, 13, 14, 15, 16, 17, 18, 20, 21, 32, 33, 46, 49, 53, 56, 74, 96, 97, 100, 101, 102, 103, 104, 105, 106, 107, 108, 110, 123, 124, 127, 128, 129, 130, 131, 132, 133, 134, 137, 138, 141, 142, 143, 146, 148, 149, 153, 156, 157, 158, 159, 160, 161, 162, 165, 166, 167, 179, 180, 181, 182, 183, 184, 185, 188, 189, 190, 191, 192, 193, 194, 195, 196, 197, 198, 203, 204, 205, 206, 207, 208, 209, 210, 211, 212, 213, 217, 220, 223, 228, 241, 242, 243, 244, 245, 246, 247, 250, 251, 252, 255, 258, 259, 260, 261, 262, 263, 264, 265, 272, 273, 274, 275, 276, 279, 280, 281, 282, 283, 284, 285, 286, 287, 288, 291, 294, 295, 296, 297, 298, 299, 300, 303, 310, 311, 312, 321, 322, 323, 324, 325, 326, 327, 328, 329, 330, 331, 332, 333, 334, 335, 336, 339, 340, 341, 342, 345, 346, 352, 361, 375, 376, 377, 378, 379, 383, 384, 385, 386, 387, 389, 390, 391, 392, 395, 397, 398, 399, 400, 401, 407, 408, 415, 416, 417, 418, 431, 432, 433, 434, 435, 436, 437, 439, 440, 441, 442, 443, 444, 446, 447, 448, 449, 450, 452, 454, 457, 464, 475, 477, 478, 479, 482, 488, 497, 498, 499, 500, 501, 504, 506, 507, 508, 509, 512], "summary": {"covered_lines": 233, "num_statements": 238, "percent_covered": 95.54140127388536, "percent_covered_display": "96", "missing_lines": 5, "excluded_lines": 2, "percent_statements_covered": 97.89915966386555, "percent_statements_covered_display": "98", "num_branches": 76, "num_partial_branches": 9, "covered_branches": 67, "missing_branches": 9, "percent_branches_covered": 88.15789473684211, "percent_branches_covered_display": "88"}, "missing_lines": [380, 438, 445, 451, 476], "excluded_lines": [289, 290], "start_line": 1, "executed_branches": [[157, 158], [157, 159], [160, 161], [160, 162], [182, 183], [182, 184], [184, 185], [184, 188], [188, 189], [188, 190], [190, 191], [190, 192], [193, 194], [193, 195], [195, 196], [195, 197], [205, 206], [205, 207], [207, 208], [207, 217], [209, 210], [209, 211], [212, 207], [212, 213], [259, 260], [259, 261], [273, 274], [273, 281], [275, 276], [275, 279], [281, 282], [281, 283], [286, 287], [295, 296], [295, 300], [323, 324], [323, 325], [328, 329], [328, 339], [333, 334], [333, 335], [335, 336], [335, 339], [341, 342], [341, 345], [376, 377], [376, 378], [379, 383], [384, 385], [384, 386], [386, 387], [386, 389], [390, 391], [390, 392], [398, 399], [407, 408], [407, 415], [432, 433], [437, 439], [439, 440], [439, 441], [444, 446], [446, 447], [446, 448], [450, 452], [475, 477], [497, 498]], "missing_branches": [[286, 288], [379, 380], [398, 454], [432, 434], [437, 438], [444, 445], [450, 451], [475, 476], [497, 499]]}}}, "src/rareburden/acquisition/download.py": {"executed_lines": [3, 14], "summary": {"covered_lines": 2, "num_statements": 2, "percent_covered": 100.0, "percent_covered_display": "100", "missing_lines": 0, "excluded_lines": 0, "percent_statements_covered": 100.0, "percent_statements_covered_display": "100", "num_branches": 0, "num_partial_branches": 0, "covered_branches": 0, "missing_branches": 0, "percent_branches_covered": 100.0, "percent_branches_covered_display": "100"}, "missing_lines": [], "excluded_lines": [], "executed_branches": [], "missing_branches": [], "functions": {"": {"executed_lines": [3, 14], "summary": {"covered_lines": 2, "num_statements": 2, "percent_covered": 100.0, "percent_covered_display": "100", "missing_lines": 0, "excluded_lines": 0, "percent_statements_covered": 100.0, "percent_statements_covered_display": "100", "num_branches": 0, "num_partial_branches": 0, "covered_branches": 0, "missing_branches": 0, "percent_branches_covered": 100.0, "percent_branches_covered_display": "100"}, "missing_lines": [], "excluded_lines": [], "start_line": 1, "executed_branches": [], "missing_branches": []}}, "classes": {"": {"executed_lines": [3, 14], "summary": {"covered_lines": 2, "num_statements": 2, "percent_covered": 100.0, "percent_covered_display": "100", "missing_lines": 0, "excluded_lines": 0, "percent_statements_covered": 100.0, "percent_statements_covered_display": "100", "num_branches": 0, "num_partial_branches": 0, "covered_branches": 0, "missing_branches": 0, "percent_branches_covered": 100.0, "percent_branches_covered_display": "100"}, "missing_lines": [], "excluded_lines": [], "start_line": 1, "executed_branches": [], "missing_branches": []}}}, "src/rareburden/acquisition/manifest.py": {"executed_lines": [3, 13], "summary": {"covered_lines": 2, "num_statements": 2, "percent_covered": 100.0, "percent_covered_display": "100", "missing_lines": 0, "excluded_lines": 0, "percent_statements_covered": 100.0, "percent_statements_covered_display": "100", "num_branches": 0, "num_partial_branches": 0, "covered_branches": 0, "missing_branches": 0, "percent_branches_covered": 100.0, "percent_branches_covered_display": "100"}, "missing_lines": [], "excluded_lines": [], "executed_branches": [], "missing_branches": [], "functions": {"": {"executed_lines": [3, 13], "summary": {"covered_lines": 2, "num_statements": 2, "percent_covered": 100.0, "percent_covered_display": "100", "missing_lines": 0, "excluded_lines": 0, "percent_statements_covered": 100.0, "percent_statements_covered_display": "100", "num_branches": 0, "num_partial_branches": 0, "covered_branches": 0, "missing_branches": 0, "percent_branches_covered": 100.0, "percent_branches_covered_display": "100"}, "missing_lines": [], "excluded_lines": [], "start_line": 1, "executed_branches": [], "missing_branches": []}}, "classes": {"": {"executed_lines": [3, 13], "summary": {"covered_lines": 2, "num_statements": 2, "percent_covered": 100.0, "percent_covered_display": "100", "missing_lines": 0, "excluded_lines": 0, "percent_statements_covered": 100.0, "percent_statements_covered_display": "100", "num_branches": 0, "num_partial_branches": 0, "covered_branches": 0, "missing_branches": 0, "percent_branches_covered": 100.0, "percent_branches_covered_display": "100"}, "missing_lines": [], "excluded_lines": [], "start_line": 1, "executed_branches": [], "missing_branches": []}}}, "src/rareburden/acquisition/normalise.py": {"executed_lines": [3, 5, 6, 7, 8, 10, 17, 20, 24, 27, 28, 29, 30, 31, 32, 33, 34, 35, 36, 37, 38, 39, 40, 41, 42, 47, 48, 49, 50, 51, 52, 55, 60, 61, 63, 64, 65, 66, 67, 70, 71, 72, 73, 74, 75, 76, 77, 78, 81, 91, 102, 108, 109, 110, 111, 112, 115, 116, 117, 118, 119, 120, 121, 122, 123, 124, 125, 128, 130, 133, 144, 145, 146, 147, 148, 149, 151, 152, 153, 154, 155, 161, 162, 163, 172, 178, 179, 180, 183, 184, 185, 186, 187, 188, 191], "summary": {"covered_lines": 95, "num_statements": 99, "percent_covered": 94.4055944055944, "percent_covered_display": "94", "missing_lines": 4, "excluded_lines": 0, "percent_statements_covered": 95.95959595959596, "percent_statements_covered_display": "96", "num_branches": 44, "num_partial_branches": 4, "covered_branches": 40, "missing_branches": 4, "percent_branches_covered": 90.9090909090909, "percent_branches_covered_display": "91"}, "missing_lines": [62, 68, 69, 150], "excluded_lines": [], "executed_branches": [[31, 32], [31, 36], [32, 33], [32, 34], [34, 35], [34, 36], [36, 37], [36, 38], [39, 40], [39, 52], [42, 47], [42, 48], [48, 49], [48, 50], [50, 51], [50, 52], [61, 63], [65, 66], [65, 76], [71, 72], [72, 73], [72, 74], [76, 77], [76, 78], [117, 118], [117, 123], [119, 120], [119, 121], [121, 117], [121, 122], [123, 124], [123, 125], [147, 148], [147, 153], [149, 151], [151, 147], [151, 152], [153, 154], [153, 155], [178, 179]], "missing_branches": [[61, 62], [71, 75], [149, 150], [178, 186]], "functions": {"_record_invariant_errors": {"executed_lines": [28, 29, 30, 31, 32, 33, 34, 35, 36, 37, 38, 39, 40, 41, 42, 47, 48, 49, 50, 51, 52], "summary": {"covered_lines": 21, "num_statements": 21, "percent_covered": 100.0, "percent_covered_display": "100", "missing_lines": 0, "excluded_lines": 0, "percent_statements_covered": 100.0, "percent_statements_covered_display": "100", "num_branches": 16, "num_partial_branches": 0, "covered_branches": 16, "missing_branches": 0, "percent_branches_covered": 100.0, "percent_branches_covered_display": "100"}, "missing_lines": [], "excluded_lines": [], "start_line": 27, "executed_branches": [[31, 32], [31, 36], [32, 33], [32, 34], [34, 35], [34, 36], [36, 37], [36, 38], [39, 40], [39, 52], [42, 47], [42, 48], [48, 49], [48, 50], [50, 51], [50, 52]], "missing_branches": []}, "validate_observations": {"executed_lines": [60, 61, 63, 64, 65, 66, 67, 70, 71, 72, 73, 74, 75, 76, 77, 78], "summary": {"covered_lines": 16, "num_statements": 19, "percent_covered": 82.75862068965517, "percent_covered_display": "83", "missing_lines": 3, "excluded_lines": 0, "percent_statements_covered": 84.21052631578948, "percent_statements_covered_display": "84", "num_branches": 10, "num_partial_branches": 2, "covered_branches": 8, "missing_branches": 2, "percent_branches_covered": 80.0, "percent_branches_covered_display": "80"}, "missing_lines": [62, 68, 69], "excluded_lines": [], "start_line": 55, "executed_branches": [[61, 63], [65, 66], [65, 76], [71, 72], [72, 73], [72, 74], [76, 77], [76, 78]], "missing_branches": [[61, 62], [71, 75]]}, "build_dataset": {"executed_lines": [91], "summary": {"covered_lines": 1, "num_statements": 1, "percent_covered": 100.0, "percent_covered_display": "100", "missing_lines": 0, "excluded_lines": 0, "percent_statements_covered": 100.0, "percent_statements_covered_display": "100", "num_branches": 0, "num_partial_branches": 0, "covered_branches": 0, "missing_branches": 0, "percent_branches_covered": 100.0, "percent_branches_covered_display": "100"}, "missing_lines": [], "excluded_lines": [], "start_line": 81, "executed_branches": [], "missing_branches": []}, "validate_dataset": {"executed_lines": [108, 109, 110, 111, 112, 115, 116, 117, 118, 119, 120, 121, 122, 123, 124, 125], "summary": {"covered_lines": 16, "num_statements": 16, "percent_covered": 100.0, "percent_covered_display": "100", "missing_lines": 0, "excluded_lines": 0, "percent_statements_covered": 100.0, "percent_statements_covered_display": "100", "num_branches": 8, "num_partial_branches": 0, "covered_branches": 8, "missing_branches": 0, "percent_branches_covered": 100.0, "percent_branches_covered_display": "100"}, "missing_lines": [], "excluded_lines": [], "start_line": 102, "executed_branches": [[117, 118], [117, 123], [119, 120], [119, 121], [121, 117], [121, 122], [123, 124], [123, 125]], "missing_branches": []}, "write_dataset": {"executed_lines": [130], "summary": {"covered_lines": 1, "num_statements": 1, "percent_covered": 100.0, "percent_covered_display": "100", "missing_lines": 0, "excluded_lines": 0, "percent_statements_covered": 100.0, "percent_statements_covered_display": "100", "num_branches": 0, "num_partial_branches": 0, "covered_branches": 0, "missing_branches": 0, "percent_branches_covered": 100.0, "percent_branches_covered_display": "100"}, "missing_lines": [], "excluded_lines": [], "start_line": 128, "executed_branches": [], "missing_branches": []}, "write_record_package": {"executed_lines": [144, 145, 146, 147, 148, 149, 151, 152, 153, 154, 155, 161, 162, 163, 172, 178, 179, 180, 183, 184, 185, 186, 187, 188], "summary": {"covered_lines": 24, "num_statements": 25, "percent_covered": 91.42857142857143, "percent_covered_display": "91", "missing_lines": 1, "excluded_lines": 0, "percent_statements_covered": 96.0, "percent_statements_covered_display": "96", "num_branches": 10, "num_partial_branches": 2, "covered_branches": 8, "missing_branches": 2, "percent_branches_covered": 80.0, "percent_branches_covered_display": "80"}, "missing_lines": [150], "excluded_lines": [], "start_line": 133, "executed_branches": [[147, 148], [147, 153], [149, 151], [151, 147], [151, 152], [153, 154], [153, 155], [178, 179]], "missing_branches": [[149, 150], [178, 186]]}, "": {"executed_lines": [3, 5, 6, 7, 8, 10, 17, 20, 24, 27, 55, 81, 102, 128, 133, 191], "summary": {"covered_lines": 16, "num_statements": 16, "percent_covered": 100.0, "percent_covered_display": "100", "missing_lines": 0, "excluded_lines": 0, "percent_statements_covered": 100.0, "percent_statements_covered_display": "100", "num_branches": 0, "num_partial_branches": 0, "covered_branches": 0, "missing_branches": 0, "percent_branches_covered": 100.0, "percent_branches_covered_display": "100"}, "missing_lines": [], "excluded_lines": [], "start_line": 1, "executed_branches": [], "missing_branches": []}}, "classes": {"NormalisationError": {"executed_lines": [], "summary": {"covered_lines": 0, "num_statements": 0, "percent_covered": 100.0, "percent_covered_display": "100", "missing_lines": 0, "excluded_lines": 0, "percent_statements_covered": 100.0, "percent_statements_covered_display": "100", "num_branches": 0, "num_partial_branches": 0, "covered_branches": 0, "missing_branches": 0, "percent_branches_covered": 100.0, "percent_branches_covered_display": "100"}, "missing_lines": [], "excluded_lines": [], "start_line": 20, "executed_branches": [], "missing_branches": []}, "": {"executed_lines": [3, 5, 6, 7, 8, 10, 17, 20, 24, 27, 28, 29, 30, 31, 32, 33, 34, 35, 36, 37, 38, 39, 40, 41, 42, 47, 48, 49, 50, 51, 52, 55, 60, 61, 63, 64, 65, 66, 67, 70, 71, 72, 73, 74, 75, 76, 77, 78, 81, 91, 102, 108, 109, 110, 111, 112, 115, 116, 117, 118, 119, 120, 121, 122, 123, 124, 125, 128, 130, 133, 144, 145, 146, 147, 148, 149, 151, 152, 153, 154, 155, 161, 162, 163, 172, 178, 179, 180, 183, 184, 185, 186, 187, 188, 191], "summary": {"covered_lines": 95, "num_statements": 99, "percent_covered": 94.4055944055944, "percent_covered_display": "94", "missing_lines": 4, "excluded_lines": 0, "percent_statements_covered": 95.95959595959596, "percent_statements_covered_display": "96", "num_branches": 44, "num_partial_branches": 4, "covered_branches": 40, "missing_branches": 4, "percent_branches_covered": 90.9090909090909, "percent_branches_covered_display": "91"}, "missing_lines": [62, 68, 69, 150], "excluded_lines": [], "start_line": 1, "executed_branches": [[31, 32], [31, 36], [32, 33], [32, 34], [34, 35], [34, 36], [36, 37], [36, 38], [39, 40], [39, 52], [42, 47], [42, 48], [48, 49], [48, 50], [50, 51], [50, 52], [61, 63], [65, 66], [65, 76], [71, 72], [72, 73], [72, 74], [76, 77], [76, 78], [117, 118], [117, 123], [119, 120], [119, 121], [121, 117], [121, 122], [123, 124], [123, 125], [147, 148], [147, 153], [149, 151], [151, 147], [151, 152], [153, 154], [153, 155], [178, 179]], "missing_branches": [[61, 62], [71, 75], [149, 150], [178, 186]]}}}, "src/rareburden/assurance.py": {"executed_lines": [9, 11, 12, 13, 14, 15, 16, 17, 19, 20, 21, 22, 23, 28, 33, 34, 41, 47, 54, 58, 59, 62, 63, 64, 65, 66, 67, 68, 69, 70, 71, 73, 74, 89, 97, 98, 100, 101, 102, 103, 104, 106, 107, 110, 111, 112, 113, 114, 118, 119, 120, 121, 122, 123, 124, 125, 126, 127, 128, 129, 130, 131, 137, 138, 139, 140, 141, 144, 145, 149, 150, 151, 152, 153, 155, 156, 157, 160, 161, 162, 163, 164, 168, 169, 171, 213, 214, 215, 217, 221, 225, 227, 228, 229, 230, 231, 234, 235, 236, 241, 250, 260, 261, 262, 263, 266, 269, 307, 312, 374, 379, 380, 386, 388, 391, 392, 393, 394, 400, 401, 411, 427, 431, 454, 455, 456, 457, 461, 464, 467, 468, 495, 503, 513, 514, 515, 516, 517, 518, 524, 533, 545, 558, 569, 570, 571, 574, 576, 577, 578, 580, 581, 582, 583, 584, 585, 587, 610, 611, 612, 613, 614, 617, 631, 648, 649, 650, 651, 652, 672, 673, 676, 677, 680, 702, 713, 756, 798, 821, 822, 827, 828, 851, 867, 872, 873, 874, 879, 886, 891, 892, 893, 896, 899, 914, 915, 920, 922, 934, 939, 941, 952, 959, 964, 985, 986, 987, 992, 993, 994, 999, 1006, 1011, 1016, 1030], "summary": {"covered_lines": 215, "num_statements": 226, "percent_covered": 92.3913043478261, "percent_covered_display": "92", "missing_lines": 11, "excluded_lines": 0, "percent_statements_covered": 95.13274336283186, "percent_statements_covered_display": "95", "num_branches": 50, "num_partial_branches": 10, "covered_branches": 40, "missing_branches": 10, "percent_branches_covered": 80.0, "percent_branches_covered_display": "80"}, "missing_lines": [99, 115, 132, 237, 238, 387, 458, 875, 894, 995, 1012], "excluded_lines": [], "executed_branches": [[98, 100], [112, 113], [113, 114], [122, 123], [122, 131], [123, 124], [123, 125], [125, 126], [125, 127], [131, 137], [144, 145], [144, 153], [163, 164], [163, 171], [213, 214], [213, 217], [228, 229], [228, 230], [386, 388], [457, 461], [514, 515], [514, 533], [515, 516], [515, 517], [517, 518], [517, 524], [558, 569], [558, 570], [612, 613], [612, 631], [648, 649], [648, 702], [672, 673], [672, 676], [676, 677], [676, 680], [874, 879], [893, 896], [994, 999], [1011, 1016]], "missing_branches": [[98, 99], [112, 115], [113, 112], [131, 132], [386, 387], [457, 458], [874, 875], [893, 894], [994, 995], [1011, 1012]], "functions": {"ScholarlyAssuranceResult.summary": {"executed_lines": [74], "summary": {"covered_lines": 1, "num_statements": 1, "percent_covered": 100.0, "percent_covered_display": "100", "missing_lines": 0, "excluded_lines": 0, "percent_statements_covered": 100.0, "percent_statements_covered_display": "100", "num_branches": 0, "num_partial_branches": 0, "covered_branches": 0, "missing_branches": 0, "percent_branches_covered": 100.0, "percent_branches_covered_display": "100"}, "missing_lines": [], "excluded_lines": [], "start_line": 73, "executed_branches": [], "missing_branches": []}, "_copy_file": {"executed_lines": [98, 100, 101, 102, 103, 104, 106, 107], "summary": {"covered_lines": 8, "num_statements": 9, "percent_covered": 81.81818181818181, "percent_covered_display": "82", "missing_lines": 1, "excluded_lines": 0, "percent_statements_covered": 88.88888888888889, "percent_statements_covered_display": "89", "num_branches": 2, "num_partial_branches": 1, "covered_branches": 1, "missing_branches": 1, "percent_branches_covered": 50.0, "percent_branches_covered_display": "50"}, "missing_lines": [99], "excluded_lines": [], "start_line": 97, "executed_branches": [[98, 100]], "missing_branches": [[98, 99]]}, "_resolve_environment_file": {"executed_lines": [111, 112, 113, 114], "summary": {"covered_lines": 4, "num_statements": 5, "percent_covered": 66.66666666666667, "percent_covered_display": "67", "missing_lines": 1, "excluded_lines": 0, "percent_statements_covered": 80.0, "percent_statements_covered_display": "80", "num_branches": 4, "num_partial_branches": 2, "covered_branches": 2, "missing_branches": 2, "percent_branches_covered": 50.0, "percent_branches_covered_display": "50"}, "missing_lines": [115], "excluded_lines": [], "start_line": 110, "executed_branches": [[112, 113], [113, 114]], "missing_branches": [[112, 115], [113, 112]]}, "_copy_software_snapshot": {"executed_lines": [119, 120, 121, 122, 123, 124, 125, 126, 127, 128, 129, 130, 131, 137, 138, 139, 140, 141, 144, 145, 149, 150, 151, 152, 153, 155, 156, 157], "summary": {"covered_lines": 28, "num_statements": 29, "percent_covered": 94.87179487179488, "percent_covered_display": "95", "missing_lines": 1, "excluded_lines": 0, "percent_statements_covered": 96.55172413793103, "percent_statements_covered_display": "97", "num_branches": 10, "num_partial_branches": 1, "covered_branches": 9, "missing_branches": 1, "percent_branches_covered": 90.0, "percent_branches_covered_display": "90"}, "missing_lines": [132], "excluded_lines": [], "start_line": 118, "executed_branches": [[122, 123], [122, 131], [123, 124], [123, 125], [125, 126], [125, 127], [131, 137], [144, 145], [144, 153]], "missing_branches": [[131, 132]]}, "_prepare_materials": {"executed_lines": [161, 162, 163, 164, 168, 169, 171, 213, 214, 215, 217, 221, 225, 227, 228, 229, 230, 231], "summary": {"covered_lines": 18, "num_statements": 18, "percent_covered": 100.0, "percent_covered_display": "100", "missing_lines": 0, "excluded_lines": 0, "percent_statements_covered": 100.0, "percent_statements_covered_display": "100", "num_branches": 6, "num_partial_branches": 0, "covered_branches": 6, "missing_branches": 0, "percent_branches_covered": 100.0, "percent_branches_covered_display": "100"}, "missing_lines": [], "excluded_lines": [], "start_line": 160, "executed_branches": [[163, 164], [163, 171], [213, 214], [213, 217], [228, 229], [228, 230]], "missing_branches": []}, "_logical": {"executed_lines": [235, 236], "summary": {"covered_lines": 2, "num_statements": 4, "percent_covered": 50.0, "percent_covered_display": "50", "missing_lines": 2, "excluded_lines": 0, "percent_statements_covered": 50.0, "percent_statements_covered_display": "50", "num_branches": 0, "num_partial_branches": 0, "covered_branches": 0, "missing_branches": 0, "percent_branches_covered": 100.0, "percent_branches_covered_display": "100"}, "missing_lines": [237, 238], "excluded_lines": [], "start_line": 234, "executed_branches": [], "missing_branches": []}, "_artifact": {"executed_lines": [250], "summary": {"covered_lines": 1, "num_statements": 1, "percent_covered": 100.0, "percent_covered_display": "100", "missing_lines": 0, "excluded_lines": 0, "percent_statements_covered": 100.0, "percent_statements_covered_display": "100", "num_branches": 0, "num_partial_branches": 0, "covered_branches": 0, "missing_branches": 0, "percent_branches_covered": 100.0, "percent_branches_covered_display": "100"}, "missing_lines": [], "excluded_lines": [], "start_line": 241, "executed_branches": [], "missing_branches": []}, "_write_validated": {"executed_lines": [261, 262, 263], "summary": {"covered_lines": 3, "num_statements": 3, "percent_covered": 100.0, "percent_covered_display": "100", "missing_lines": 0, "excluded_lines": 0, "percent_statements_covered": 100.0, "percent_statements_covered_display": "100", "num_branches": 0, "num_partial_branches": 0, "covered_branches": 0, "missing_branches": 0, "percent_branches_covered": 100.0, "percent_branches_covered_display": "100"}, "missing_lines": [], "excluded_lines": [], "start_line": 260, "executed_branches": [], "missing_branches": []}, "_transparency_records": {"executed_lines": [269, 307, 312, 374, 379, 380, 386, 388], "summary": {"covered_lines": 8, "num_statements": 9, "percent_covered": 81.81818181818181, "percent_covered_display": "82", "missing_lines": 1, "excluded_lines": 0, "percent_statements_covered": 88.88888888888889, "percent_statements_covered_display": "89", "num_branches": 2, "num_partial_branches": 1, "covered_branches": 1, "missing_branches": 1, "percent_branches_covered": 50.0, "percent_branches_covered_display": "50"}, "missing_lines": [387], "excluded_lines": [], "start_line": 266, "executed_branches": [[386, 388]], "missing_branches": [[386, 387]]}, "_source_records": {"executed_lines": [392, 393, 394], "summary": {"covered_lines": 3, "num_statements": 3, "percent_covered": 100.0, "percent_covered_display": "100", "missing_lines": 0, "excluded_lines": 0, "percent_statements_covered": 100.0, "percent_statements_covered_display": "100", "num_branches": 0, "num_partial_branches": 0, "covered_branches": 0, "missing_branches": 0, "percent_branches_covered": 100.0, "percent_branches_covered_display": "100"}, "missing_lines": [], "excluded_lines": [], "start_line": 391, "executed_branches": [], "missing_branches": []}, "_plan": {"executed_lines": [401], "summary": {"covered_lines": 1, "num_statements": 1, "percent_covered": 100.0, "percent_covered_display": "100", "missing_lines": 0, "excluded_lines": 0, "percent_statements_covered": 100.0, "percent_statements_covered_display": "100", "num_branches": 0, "num_partial_branches": 0, "covered_branches": 0, "missing_branches": 0, "percent_branches_covered": 100.0, "percent_branches_covered_display": "100"}, "missing_lines": [], "excluded_lines": [], "start_line": 400, "executed_branches": [], "missing_branches": []}, "_build_run": {"executed_lines": [427, 431, 454, 455, 456, 457, 461, 464], "summary": {"covered_lines": 8, "num_statements": 9, "percent_covered": 81.81818181818181, "percent_covered_display": "82", "missing_lines": 1, "excluded_lines": 0, "percent_statements_covered": 88.88888888888889, "percent_statements_covered_display": "89", "num_branches": 2, "num_partial_branches": 1, "covered_branches": 1, "missing_branches": 1, "percent_branches_covered": 50.0, "percent_branches_covered_display": "50"}, "missing_lines": [458], "excluded_lines": [], "start_line": 411, "executed_branches": [[457, 461]], "missing_branches": [[457, 458]]}, "_gather_evidence": {"executed_lines": [468, 495, 503, 513, 514, 515, 516, 517, 518, 524, 533], "summary": {"covered_lines": 11, "num_statements": 11, "percent_covered": 100.0, "percent_covered_display": "100", "missing_lines": 0, "excluded_lines": 0, "percent_statements_covered": 100.0, "percent_statements_covered_display": "100", "num_branches": 6, "num_partial_branches": 0, "covered_branches": 6, "missing_branches": 0, "percent_branches_covered": 100.0, "percent_branches_covered_display": "100"}, "missing_lines": [], "excluded_lines": [], "start_line": 467, "executed_branches": [[514, 515], [514, 533], [515, 516], [515, 517], [517, 518], [517, 524]], "missing_branches": []}, "build_reference_scholarly_assurance": {"executed_lines": [558, 569, 570, 571, 574, 576, 577, 578, 580, 587, 610, 611, 612, 613, 614, 617, 631, 648, 649, 650, 651, 652, 672, 673, 676, 677, 680, 702, 713, 756, 798, 821, 822, 827, 828, 851, 867, 872, 873, 874, 879, 886, 891, 892, 893, 896, 899, 914, 915, 920, 922, 934, 939, 941, 952, 959, 964, 985, 986, 987, 992, 993, 994, 999, 1006, 1011, 1016], "summary": {"covered_lines": 67, "num_statements": 71, "percent_covered": 91.01123595505618, "percent_covered_display": "91", "missing_lines": 4, "excluded_lines": 0, "percent_statements_covered": 94.36619718309859, "percent_statements_covered_display": "94", "num_branches": 18, "num_partial_branches": 4, "covered_branches": 14, "missing_branches": 4, "percent_branches_covered": 77.77777777777777, "percent_branches_covered_display": "78"}, "missing_lines": [875, 894, 995, 1012], "excluded_lines": [], "start_line": 545, "executed_branches": [[558, 569], [558, 570], [612, 613], [612, 631], [648, 649], [648, 702], [672, 673], [672, 676], [676, 677], [676, 680], [874, 879], [893, 896], [994, 999], [1011, 1016]], "missing_branches": [[874, 875], [893, 894], [994, 995], [1011, 1012]]}, "build_reference_scholarly_assurance.add_run": {"executed_lines": [581, 582, 583, 584, 585], "summary": {"covered_lines": 5, "num_statements": 5, "percent_covered": 100.0, "percent_covered_display": "100", "missing_lines": 0, "excluded_lines": 0, "percent_statements_covered": 100.0, "percent_statements_covered_display": "100", "num_branches": 0, "num_partial_branches": 0, "covered_branches": 0, "missing_branches": 0, "percent_branches_covered": 100.0, "percent_branches_covered_display": "100"}, "missing_lines": [], "excluded_lines": [], "start_line": 580, "executed_branches": [], "missing_branches": []}, "": {"executed_lines": [9, 11, 12, 13, 14, 15, 16, 17, 19, 20, 21, 22, 23, 28, 33, 34, 41, 47, 54, 58, 59, 62, 63, 64, 65, 66, 67, 68, 69, 70, 71, 73, 89, 97, 110, 118, 160, 234, 241, 260, 266, 391, 400, 411, 467, 545, 1030], "summary": {"covered_lines": 47, "num_statements": 47, "percent_covered": 100.0, "percent_covered_display": "100", "missing_lines": 0, "excluded_lines": 0, "percent_statements_covered": 100.0, "percent_statements_covered_display": "100", "num_branches": 0, "num_partial_branches": 0, "covered_branches": 0, "missing_branches": 0, "percent_branches_covered": 100.0, "percent_branches_covered_display": "100"}, "missing_lines": [], "excluded_lines": [], "start_line": 1, "executed_branches": [], "missing_branches": []}}, "classes": {"ScholarlyAssuranceError": {"executed_lines": [], "summary": {"covered_lines": 0, "num_statements": 0, "percent_covered": 100.0, "percent_covered_display": "100", "missing_lines": 0, "excluded_lines": 0, "percent_statements_covered": 100.0, "percent_statements_covered_display": "100", "num_branches": 0, "num_partial_branches": 0, "covered_branches": 0, "missing_branches": 0, "percent_branches_covered": 100.0, "percent_branches_covered_display": "100"}, "missing_lines": [], "excluded_lines": [], "start_line": 54, "executed_branches": [], "missing_branches": []}, "ScholarlyAssuranceResult": {"executed_lines": [74], "summary": {"covered_lines": 1, "num_statements": 1, "percent_covered": 100.0, "percent_covered_display": "100", "missing_lines": 0, "excluded_lines": 0, "percent_statements_covered": 100.0, "percent_statements_covered_display": "100", "num_branches": 0, "num_partial_branches": 0, "covered_branches": 0, "missing_branches": 0, "percent_branches_covered": 100.0, "percent_branches_covered_display": "100"}, "missing_lines": [], "excluded_lines": [], "start_line": 59, "executed_branches": [], "missing_branches": []}, "": {"executed_lines": [9, 11, 12, 13, 14, 15, 16, 17, 19, 20, 21, 22, 23, 28, 33, 34, 41, 47, 54, 58, 59, 62, 63, 64, 65, 66, 67, 68, 69, 70, 71, 73, 89, 97, 98, 100, 101, 102, 103, 104, 106, 107, 110, 111, 112, 113, 114, 118, 119, 120, 121, 122, 123, 124, 125, 126, 127, 128, 129, 130, 131, 137, 138, 139, 140, 141, 144, 145, 149, 150, 151, 152, 153, 155, 156, 157, 160, 161, 162, 163, 164, 168, 169, 171, 213, 214, 215, 217, 221, 225, 227, 228, 229, 230, 231, 234, 235, 236, 241, 250, 260, 261, 262, 263, 266, 269, 307, 312, 374, 379, 380, 386, 388, 391, 392, 393, 394, 400, 401, 411, 427, 431, 454, 455, 456, 457, 461, 464, 467, 468, 495, 503, 513, 514, 515, 516, 517, 518, 524, 533, 545, 558, 569, 570, 571, 574, 576, 577, 578, 580, 581, 582, 583, 584, 585, 587, 610, 611, 612, 613, 614, 617, 631, 648, 649, 650, 651, 652, 672, 673, 676, 677, 680, 702, 713, 756, 798, 821, 822, 827, 828, 851, 867, 872, 873, 874, 879, 886, 891, 892, 893, 896, 899, 914, 915, 920, 922, 934, 939, 941, 952, 959, 964, 985, 986, 987, 992, 993, 994, 999, 1006, 1011, 1016, 1030], "summary": {"covered_lines": 214, "num_statements": 225, "percent_covered": 92.36363636363636, "percent_covered_display": "92", "missing_lines": 11, "excluded_lines": 0, "percent_statements_covered": 95.11111111111111, "percent_statements_covered_display": "95", "num_branches": 50, "num_partial_branches": 10, "covered_branches": 40, "missing_branches": 10, "percent_branches_covered": 80.0, "percent_branches_covered_display": "80"}, "missing_lines": [99, 115, 132, 237, 238, 387, 458, 875, 894, 995, 1012], "excluded_lines": [], "start_line": 1, "executed_branches": [[98, 100], [112, 113], [113, 114], [122, 123], [122, 131], [123, 124], [123, 125], [125, 126], [125, 127], [131, 137], [144, 145], [144, 153], [163, 164], [163, 171], [213, 214], [213, 217], [228, 229], [228, 230], [386, 388], [457, 461], [514, 515], [514, 533], [515, 516], [515, 517], [517, 518], [517, 524], [558, 569], [558, 570], [612, 613], [612, 631], [648, 649], [648, 702], [672, 673], [672, 676], [676, 677], [676, 680], [874, 879], [893, 896], [994, 999], [1011, 1016]], "missing_branches": [[98, 99], [112, 115], [113, 112], [131, 132], [386, 387], [457, 458], [874, 875], [893, 894], [994, 995], [1011, 1012]]}}}, "src/rareburden/atlas.py": {"executed_lines": [3, 5, 6, 8, 11, 15, 19, 23, 24, 25, 26, 27, 29, 42, 46, 47, 48, 49, 50, 51, 53, 63, 66], "summary": {"covered_lines": 23, "num_statements": 25, "percent_covered": 89.1891891891892, "percent_covered_display": "89", "missing_lines": 2, "excluded_lines": 0, "percent_statements_covered": 92.0, "percent_statements_covered_d
[...]
s_covered": 95.65217391304348, "percent_statements_covered_display": "96", "num_branches": 6, "num_partial_branches": 2, "covered_branches": 4, "missing_branches": 2, "percent_branches_covered": 66.66666666666667, "percent_branches_covered_display": "67"}, "missing_lines": [455, 492], "excluded_lines": [], "start_line": 421, "executed_branches": [[454, 456], [457, 458], [457, 469], [491, 494]], "missing_branches": [[454, 455], [491, 492]]}, "verify_reference_release": {"executed_lines": [530, 531, 533, 534, 537, 539, 541, 542, 579, 582, 614], "summary": {"covered_lines": 11, "num_statements": 13, "percent_covered": 76.47058823529412, "percent_covered_display": "76", "missing_lines": 2, "excluded_lines": 0, "percent_statements_covered": 84.61538461538461, "percent_statements_covered_display": "85", "num_branches": 4, "num_partial_branches": 2, "covered_branches": 2, "missing_branches": 2, "percent_branches_covered": 50.0, "percent_branches_covered_display": "50"}, "missing_lines": [532, 538], "excluded_lines": [], "start_line": 523, "executed_branches": [[531, 533], [537, 539]], "missing_branches": [[531, 532], [537, 538]]}, "": {"executed_lines": [10, 12, 13, 14, 15, 17, 18, 19, 20, 21, 22, 23, 24, 25, 31, 40, 41, 42, 43, 44, 45, 46, 50, 53, 57, 71, 85, 99, 106, 124, 137, 148, 171, 227, 306, 376, 421, 523, 621], "summary": {"covered_lines": 39, "num_statements": 39, "percent_covered": 100.0, "percent_covered_display": "100", "missing_lines": 0, "excluded_lines": 0, "percent_statements_covered": 100.0, "percent_statements_covered_display": "100", "num_branches": 0, "num_partial_branches": 0, "covered_branches": 0, "missing_branches": 0, "percent_branches_covered": 100.0, "percent_branches_covered_display": "100"}, "missing_lines": [], "excluded_lines": [], "start_line": 1, "executed_branches": [], "missing_branches": []}}, "classes": {"ReferenceVerificationError": {"executed_lines": [], "summary": {"covered_lines": 0, "num_statements": 0, "percent_covered": 100.0, "percent_covered_display": "100", "missing_lines": 0, "excluded_lines": 0, "percent_statements_covered": 100.0, "percent_statements_covered_display": "100", "num_branches": 0, "num_partial_branches": 0, "covered_branches": 0, "missing_branches": 0, "percent_branches_covered": 100.0, "percent_branches_covered_display": "100"}, "missing_lines": [], "excluded_lines": [], "start_line": 53, "executed_branches": [], "missing_branches": []}, "": {"executed_lines": [10, 12, 13, 14, 15, 17, 18, 19, 20, 21, 22, 23, 24, 25, 31, 40, 41, 42, 43, 44, 45, 46, 50, 53, 57, 58, 59, 67, 68, 71, 72, 73, 74, 75, 76, 77, 80, 81, 82, 85, 86, 87, 88, 89, 90, 91, 92, 93, 94, 95, 96, 99, 100, 101, 102, 103, 106, 111, 112, 113, 114, 115, 116, 124, 129, 134, 137, 148, 149, 150, 155, 156, 157, 158, 159, 160, 161, 162, 163, 164, 165, 166, 167, 168, 171, 172, 173, 174, 175, 176, 177, 178, 181, 190, 192, 197, 199, 200, 201, 202, 203, 206, 208, 209, 210, 214, 216, 218, 220, 222, 224, 227, 228, 229, 230, 231, 235, 239, 240, 242, 243, 244, 245, 246, 247, 250, 251, 254, 255, 257, 259, 260, 261, 262, 263, 266, 268, 272, 273, 277, 281, 283, 292, 294, 296, 297, 299, 301, 303, 306, 310, 311, 312, 313, 314, 315, 316, 318, 319, 320, 321, 322, 323, 324, 325, 327, 329, 332, 333, 334, 337, 340, 343, 349, 350, 353, 363, 364, 371, 373, 376, 377, 378, 379, 380, 381, 382, 385, 389, 390, 396, 397, 401, 406, 407, 408, 409, 413, 415, 416, 418, 421, 422, 423, 424, 425, 426, 427, 428, 429, 430, 432, 433, 438, 440, 441, 446, 453, 454, 456, 457, 458, 459, 460, 463, 467, 469, 470, 473, 475, 476, 477, 479, 480, 483, 491, 494, 495, 498, 500, 501, 504, 506, 507, 512, 520, 523, 530, 531, 533, 534, 537, 539, 541, 542, 579, 582, 614, 621], "summary": {"covered_lines": 259, "num_statements": 308, "percent_covered": 80.04926108374384, "percent_covered_display": "80", "missing_lines": 49, "excluded_lines": 0, "percent_statements_covered": 84.0909090909091, "percent_statements_covered_display": "84", "num_branches": 98, "num_partial_branches": 32, "covered_branches": 66, "missing_branches": 32, "percent_branches_covered": 67.34693877551021, "percent_branches_covered_display": "67"}, "missing_lines": [78, 79, 143, 144, 145, 191, 196, 207, 211, 212, 213, 215, 217, 221, 223, 241, 248, 249, 252, 253, 256, 258, 264, 265, 267, 269, 270, 271, 274, 275, 276, 278, 282, 293, 295, 298, 300, 302, 326, 341, 372, 400, 404, 414, 417, 455, 492, 532, 538], "excluded_lines": [], "start_line": 1, "executed_branches": [[59, 67], [59, 68], [74, 75], [74, 76], [80, 81], [80, 82], [92, 93], [92, 94], [94, 95], [94, 96], [101, 102], [101, 103], [156, 157], [156, 164], [157, 158], [157, 160], [160, 156], [160, 161], [162, 156], [162, 163], [175, 176], [175, 199], [190, 192], [192, 197], [199, 200], [199, 220], [206, 208], [214, 216], [216, 218], [220, 222], [222, 224], [240, 242], [242, 243], [242, 303], [247, 250], [251, 254], [255, 257], [257, 259], [261, 262], [261, 272], [263, 266], [266, 268], [277, 281], [281, 283], [292, 294], [294, 296], [296, 242], [296, 297], [297, 299], [299, 301], [301, 296], [319, 320], [319, 329], [325, 327], [340, 343], [371, 373], [397, 401], [401, 406], [413, 415], [416, 418], [454, 456], [457, 458], [457, 469], [491, 494], [531, 533], [537, 539]], "missing_branches": [[190, 191], [192, 196], [206, 207], [214, 215], [216, 217], [220, 221], [222, 223], [240, 241], [247, 248], [251, 252], [255, 256], [257, 258], [263, 264], [266, 267], [277, 278], [281, 282], [292, 293], [294, 295], [297, 298], [299, 300], [301, 302], [325, 326], [340, 341], [371, 372], [397, 400], [401, 404], [413, 414], [416, 417], [454, 455], [491, 492], [531, 532], [537, 538]]}}}, "src/rareburden/workflow.py": {"executed_lines": [9, 11, 12, 13, 14, 15, 16, 18, 19, 22, 26, 27, 30, 31, 32, 33, 35, 36, 44, 45, 47, 48, 53, 57, 61, 62, 64, 66, 77, 78, 79, 87, 88, 91, 92, 93, 94, 95, 96, 97, 99, 102, 103, 104, 113, 114, 115, 116, 117, 118, 119, 120, 121, 122, 123, 124, 125, 126, 127, 128, 129, 130, 131, 133, 136, 139, 140, 141, 142, 143, 144, 146, 147, 148, 149, 150, 151, 152, 153, 154, 155, 156, 157, 158, 159, 164, 165, 167, 168, 169, 170, 171, 172, 173, 174, 175, 176, 177, 178, 179, 181, 182, 183, 191, 199, 200, 201, 202, 203, 204, 208, 212, 213, 215, 223, 224, 227, 231, 234, 245, 246, 247, 248, 250, 252, 256, 271, 278, 283, 284, 289, 290, 294, 295, 297, 298, 299, 300, 301, 302, 303, 304, 305, 306, 307, 308, 309, 310, 311, 312, 313, 314, 315, 316, 320, 321, 323, 325, 326, 330, 333, 335, 339, 348, 349, 350, 362, 370, 372, 375], "summary": {"covered_lines": 170, "num_statements": 200, "percent_covered": 83.21678321678321, "percent_covered_display": "83", "missing_lines": 30, "excluded_lines": 0, "percent_statements_covered": 85.0, "percent_statements_covered_display": "85", "num_branches": 86, "num_partial_branches": 18, "covered_branches": 68, "missing_branches": 18, "percent_branches_covered": 79.06976744186046, "percent_branches_covered_display": "79"}, "missing_lines": [46, 49, 50, 54, 58, 98, 132, 160, 180, 184, 205, 209, 249, 251, 291, 292, 317, 318, 319, 322, 324, 327, 328, 329, 331, 332, 334, 359, 360, 371], "excluded_lines": [], "executed_branches": [[45, 47], [53, 57], [57, 61], [79, 87], [79, 88], [95, 96], [95, 97], [97, 99], [116, 117], [116, 122], [119, 120], [124, 125], [124, 131], [127, 124], [127, 128], [129, 127], [129, 130], [131, 133], [146, 147], [146, 167], [149, 150], [149, 151], [153, 154], [153, 155], [155, 146], [155, 156], [156, 157], [156, 158], [159, 164], [167, 168], [167, 215], [171, 172], [171, 173], [173, 167], [173, 174], [174, 175], [174, 176], [178, 179], [178, 199], [179, 181], [183, 191], [201, 202], [201, 203], [204, 208], [208, 212], [245, 246], [245, 247], [248, 250], [250, 252], [294, 295], [294, 297], [300, 301], [300, 302], [302, 303], [302, 348], [303, 304], [303, 306], [312, 313], [312, 315], [321, 323], [323, 325], [330, 333], [333, 335], [348, 349], [348, 372], [362, 370], [362, 372], [370, 362]], "missing_branches": [[45, 46], [53, 54], [57, 58], [97, 98], [119, 116], [131, 132], [159, 160], [179, 180], [183, 184], [204, 205], [208, 209], [248, 249], [250, 251], [321, 322], [323, 324], [330, 331], [333, 334], [370, 371]], "functions": {"TransformationRecordReference.from_file": {"executed_lines": [44, 45, 47, 48, 53, 57, 61, 62], "summary": {"covered_lines": 8, "num_statements": 13, "percent_covered": 57.89473684210526, "percent_covered_display": "58", "missing_lines": 5, "excluded_lines": 0, "percent_statements_covered": 61.53846153846154, "percent_statements_covered_display": "62", "num_branches": 6, "num_partial_branches": 3, "covered_branches": 3, "missing_branches": 3, "percent_branches_covered": 50.0, "percent_branches_covered_display": "50"}, "missing_lines": [46, 49, 50, 54, 58], "excluded_lines": [], "start_line": 36, "executed_branches": [[45, 47], [53, 57], [57, 61]], "missing_branches": [[45, 46], [53, 54], [57, 58]]}, "TransformationRecordReference.as_dict": {"executed_lines": [66], "summary": {"covered_lines": 1, "num_statements": 1, "percent_covered": 100.0, "percent_covered_display": "100", "missing_lines": 0, "excluded_lines": 0, "percent_statements_covered": 100.0, "percent_statements_covered_display": "100", "num_branches": 0, "num_partial_branches": 0, "covered_branches": 0, "missing_branches": 0, "percent_branches_covered": 100.0, "percent_branches_covered_display": "100"}, "missing_lines": [], "excluded_lines": [], "start_line": 64, "executed_branches": [], "missing_branches": []}, "_safe_path": {"executed_lines": [78, 79, 87, 88], "summary": {"covered_lines": 4, "num_statements": 4, "percent_covered": 100.0, "percent_covered_display": "100", "missing_lines": 0, "excluded_lines": 0, "percent_statements_covered": 100.0, "percent_statements_covered_display": "100", "num_branches": 2, "num_partial_branches": 0, "covered_branches": 2, "missing_branches": 0, "percent_branches_covered": 100.0, "percent_branches_covered_display": "100"}, "missing_lines": [], "excluded_lines": [], "start_line": 77, "executed_branches": [[79, 87], [79, 88]], "missing_branches": []}, "_artifact_key": {"executed_lines": [92, 93, 94, 95, 96, 97, 99], "summary": {"covered_lines": 7, "num_statements": 8, "percent_covered": 83.33333333333333, "percent_covered_display": "83", "missing_lines": 1, "excluded_lines": 0, "percent_statements_covered": 87.5, "percent_statements_covered_display": "88", "num_branches": 4, "num_partial_branches": 1, "covered_branches": 3, "missing_branches": 1, "percent_branches_covered": 75.0, "percent_branches_covered_display": "75"}, "missing_lines": [98], "excluded_lines": [], "start_line": 91, "executed_branches": [[95, 96], [95, 97], [97, 99]], "missing_branches": [[97, 98]]}, "_artifact_projection": {"executed_lines": [103, 104], "summary": {"covered_lines": 2, "num_statements": 2, "percent_covered": 100.0, "percent_covered_display": "100", "missing_lines": 0, "excluded_lines": 0, "percent_statements_covered": 100.0, "percent_statements_covered_display": "100", "num_branches": 0, "num_partial_branches": 0, "covered_branches": 0, "missing_branches": 0, "percent_branches_covered": 100.0, "percent_branches_covered_display": "100"}, "missing_lines": [], "excluded_lines": [], "start_line": 102, "executed_branches": [], "missing_branches": []}, "_topological_order": {"executed_lines": [114, 115, 116, 117, 118, 119, 120, 121, 122, 123, 124, 125, 126, 127, 128, 129, 130, 131, 133], "summary": {"covered_lines": 19, "num_statements": 20, "percent_covered": 90.625, "percent_covered_display": "91", "missing_lines": 1, "excluded_lines": 0, "percent_statements_covered": 95.0, "percent_statements_covered_display": "95", "num_branches": 12, "num_partial_branches": 2, "covered_branches": 10, "missing_branches": 2, "percent_branches_covered": 83.33333333333333, "percent_branches_covered_display": "83"}, "missing_lines": [132], "excluded_lines": [], "start_line": 113, "executed_branches": [[116, 117], [116, 122], [119, 120], [124, 125], [124, 131], [127, 124], [127, 128], [129, 127], [129, 130], [131, 133]], "missing_branches": [[119, 116], [131, 132]]}, "_derive_graph": {"executed_lines": [139, 140, 141, 142, 143, 144, 146, 147, 148, 149, 150, 151, 152, 153, 154, 155, 156, 157, 158, 159, 164, 165, 167, 168, 169, 170, 171, 172, 173, 174, 175, 176, 177, 178, 179, 181, 182, 183, 191, 199, 200, 201, 202, 203, 204, 208, 212, 213, 215, 223, 224, 227, 231], "summary": {"covered_lines": 53, "num_statements": 58, "percent_covered": 88.88888888888889, "percent_covered_display": "89", "missing_lines": 5, "excluded_lines": 0, "percent_statements_covered": 91.37931034482759, "percent_statements_covered_display": "91", "num_branches": 32, "num_partial_branches": 5, "covered_branches": 27, "missing_branches": 5, "percent_branches_covered": 84.375, "percent_branches_covered_display": "84"}, "missing_lines": [160, 180, 184, 205, 209], "excluded_lines": [], "start_line": 136, "executed_branches": [[146, 147], [146, 167], [149, 150], [149, 151], [153, 154], [153, 155], [155, 146], [155, 156], [156, 157], [156, 158], [159, 164], [167, 168], [167, 215], [171, 172], [171, 173], [173, 167], [173, 174], [174, 175], [174, 176], [178, 179], [178, 199], [179, 181], [183, 191], [201, 202], [201, 203], [204, 208], [208, 212]], "missing_branches": [[159, 160], [179, 180], [183, 184], [204, 205], [208, 209]]}, "build_workflow_run": {"executed_lines": [245, 246, 247, 248, 250, 252, 256, 271], "summary": {"covered_lines": 8, "num_statements": 10, "percent_covered": 75.0, "percent_covered_display": "75", "missing_lines": 2, "excluded_lines": 0, "percent_statements_covered": 80.0, "percent_statements_covered_display": "80", "num_branches": 6, "num_partial_branches": 2, "covered_branches": 4, "missing_branches": 2, "percent_branches_covered": 66.66666666666667, "percent_branches_covered_display": "67"}, "missing_lines": [249, 251], "excluded_lines": [], "start_line": 234, "executed_branches": [[245, 246], [245, 247], [248, 250], [250, 252]], "missing_branches": [[248, 249], [250, 251]]}, "verify_workflow_run": {"executed_lines": [283, 284, 289, 290, 294, 295, 297, 298, 299, 300, 301, 302, 303, 304, 305, 306, 307, 308, 309, 310, 311, 312, 313, 314, 315, 316, 320, 321, 323, 325, 326, 330, 333, 335, 339, 348, 349, 350, 362, 370, 372], "summary": {"covered_lines": 41, "num_statements": 57, "percent_covered": 74.07407407407408, "percent_covered_display": "74", "missing_lines": 16, "excluded_lines": 0, "percent_statements_covered": 71.9298245614035, "percent_statements_covered_display": "72", "num_branches": 24, "num_partial_branches": 5, "covered_branches": 19, "missing_branches": 5, "percent_branches_covered": 79.16666666666667, "percent_branches_covered_display": "79"}, "missing_lines": [291, 292, 317, 318, 319, 322, 324, 327, 328, 329, 331, 332, 334, 359, 360, 371], "excluded_lines": [], "start_line": 278, "executed_branches": [[294, 295], [294, 297], [300, 301], [300, 302], [302, 303], [302, 348], [303, 304], [303, 306], [312, 313], [312, 315], [321, 323], [323, 325], [330, 333], [333, 335], [348, 349], [348, 372], [362, 370], [362, 372], [370, 362]], "missing_branches": [[321, 322], [323, 324], [330, 331], [333, 334], [370, 371]]}, "": {"executed_lines": [9, 11, 12, 13, 14, 15, 16, 18, 19, 22, 26, 27, 30, 31, 32, 33, 35, 36, 64, 77, 91, 102, 113, 136, 234, 278, 375], "summary": {"covered_lines": 27, "num_statements": 27, "percent_covered": 100.0, "percent_covered_display": "100", "missing_lines": 0, "excluded_lines": 0, "percent_statements_covered": 100.0, "percent_statements_covered_display": "100", "num_branches": 0, "num_partial_branches": 0, "covered_branches": 0, "missing_branches": 0, "percent_branches_covered": 100.0, "percent_branches_covered_display": "100"}, "missing_lines": [], "excluded_lines": [], "start_line": 1, "executed_branches": [], "missing_branches": []}}, "classes": {"WorkflowProvenanceError": {"executed_lines": [], "summary": {"covered_lines": 0, "num_statements": 0, "percent_covered": 100.0, "percent_covered_display": "100", "missing_lines": 0, "excluded_lines": 0, "percent_statements_covered": 100.0, "percent_statements_covered_display": "100", "num_branches": 0, "num_partial_branches": 0, "covered_branches": 0, "missing_branches": 0, "percent_branches_covered": 100.0, "percent_branches_covered_display": "100"}, "missing_lines": [], "excluded_lines": [], "start_line": 22, "executed_branches": [], "missing_branches": []}, "TransformationRecordReference": {"executed_lines": [44, 45, 47, 48, 53, 57, 61, 62, 66], "summary": {"covered_lines": 9, "num_statements": 14, "percent_covered": 60.0, "percent_covered_display": "60", "missing_lines": 5, "excluded_lines": 0, "percent_statements_covered": 64.28571428571429, "percent_statements_covered_display": "64", "num_branches": 6, "num_partial_branches": 3, "covered_branches": 3, "missing_branches": 3, "percent_branches_covered": 50.0, "percent_branches_covered_display": "50"}, "missing_lines": [46, 49, 50, 54, 58], "excluded_lines": [], "start_line": 27, "executed_branches": [[45, 47], [53, 57], [57, 61]], "missing_branches": [[45, 46], [53, 54], [57, 58]]}, "": {"executed_lines": [9, 11, 12, 13, 14, 15, 16, 18, 19, 22, 26, 27, 30, 31, 32, 33, 35, 36, 64, 77, 78, 79, 87, 88, 91, 92, 93, 94, 95, 96, 97, 99, 102, 103, 104, 113, 114, 115, 116, 117, 118, 119, 120, 121, 122, 123, 124, 125, 126, 127, 128, 129, 130, 131, 133, 136, 139, 140, 141, 142, 143, 144, 146, 147, 148, 149, 150, 151, 152, 153, 154, 155, 156, 157, 158, 159, 164, 165, 167, 168, 169, 170, 171, 172, 173, 174, 175, 176, 177, 178, 179, 181, 182, 183, 191, 199, 200, 201, 202, 203, 204, 208, 212, 213, 215, 223, 224, 227, 231, 234, 245, 246, 247, 248, 250, 252, 256, 271, 278, 283, 284, 289, 290, 294, 295, 297, 298, 299, 300, 301, 302, 303, 304, 305, 306, 307, 308, 309, 310, 311, 312, 313, 314, 315, 316, 320, 321, 323, 325, 326, 330, 333, 335, 339, 348, 349, 350, 362, 370, 372, 375], "summary": {"covered_lines": 161, "num_statements": 186, "percent_covered": 84.9624060150376, "percent_covered_display": "85", "missing_lines": 25, "excluded_lines": 0, "percent_statements_covered": 86.55913978494624, "percent_statements_covered_display": "87", "num_branches": 80, "num_partial_branches": 15, "covered_branches": 65, "missing_branches": 15, "percent_branches_covered": 81.25, "percent_branches_covered_display": "81"}, "missing_lines": [98, 132, 160, 180, 184, 205, 209, 249, 251, 291, 292, 317, 318, 319, 322, 324, 327, 328, 329, 331, 332, 334, 359, 360, 371], "excluded_lines": [], "start_line": 1, "executed_branches": [[79, 87], [79, 88], [95, 96], [95, 97], [97, 99], [116, 117], [116, 122], [119, 120], [124, 125], [124, 131], [127, 124], [127, 128], [129, 127], [129, 130], [131, 133], [146, 147], [146, 167], [149, 150], [149, 151], [153, 154], [153, 155], [155, 146], [155, 156], [156, 157], [156, 158], [159, 164], [167, 168], [167, 215], [171, 172], [171, 173], [173, 167], [173, 174], [174, 175], [174, 176], [178, 179], [178, 199], [179, 181], [183, 191], [201, 202], [201, 203], [204, 208], [208, 212], [245, 246], [245, 247], [248, 250], [250, 252], [294, 295], [294, 297], [300, 301], [300, 302], [302, 303], [302, 348], [303, 304], [303, 306], [312, 313], [312, 315], [321, 323], [323, 325], [330, 333], [333, 335], [348, 349], [348, 372], [362, 370], [362, 372], [370, 362]], "missing_branches": [[97, 98], [119, 116], [131, 132], [159, 160], [179, 180], [183, 184], [204, 205], [208, 209], [248, 249], [250, 251], [321, 322], [323, 324], [330, 331], [333, 334], [370, 371]]}}}}, "totals": {"covered_lines": 5508, "num_statements": 5961, "percent_covered": 90.4366654637315, "percent_covered_display": "90", "missing_lines": 453, "excluded_lines": 4, "percent_statements_covered": 92.40060392551585, "percent_statements_covered_display": "92", "num_branches": 2352, "num_partial_branches": 326, "covered_branches": 2010, "missing_branches": 342, "percent_branches_covered": 85.45918367346938, "percent_branches_covered_display": "85"}}